2024-06-19 20:18:49,668 - INFO - 

************** Fine-tuning bert-base-uncased: multi **************
2024-06-19 20:20:27,036 - INFO - 

************** Fine-tuning bert-base-uncased: multi **************
2024-06-19 20:26:39,275 - INFO - 

************** Fine-tuning bert-base-uncased: multi **************
2024-06-19 20:27:19,117 - INFO - 

************** Fine-tuning bert-base-uncased: multi **************
2024-06-19 20:27:51,482 - INFO - Epoch 1/10
2024-06-19 20:27:51,482 - INFO - Train Loss: 1.9985086809505115
2024-06-19 20:27:51,482 - INFO - Validation Loss: 1.152768267179603
2024-06-19 20:27:51,482 - INFO - Validation F1-score: 0.5926852474443604
2024-06-19 20:28:19,806 - INFO - Epoch 2/10
2024-06-19 20:28:19,808 - INFO - Train Loss: 0.9610523884043549
2024-06-19 20:28:19,808 - INFO - Validation Loss: 0.7792972559804348
2024-06-19 20:28:19,808 - INFO - Validation F1-score: 0.751243137844864
2024-06-19 20:28:47,846 - INFO - Epoch 3/10
2024-06-19 20:28:47,846 - INFO - Train Loss: 0.503089875773047
2024-06-19 20:28:47,846 - INFO - Validation Loss: 0.6422577920133499
2024-06-19 20:28:47,846 - INFO - Validation F1-score: 0.8091427224945009
2024-06-19 20:29:15,962 - INFO - Epoch 4/10
2024-06-19 20:29:15,962 - INFO - Train Loss: 0.2810230327939445
2024-06-19 20:29:15,962 - INFO - Validation Loss: 0.5942102466056596
2024-06-19 20:29:15,962 - INFO - Validation F1-score: 0.8243953620229661
2024-06-19 20:29:43,381 - INFO - Epoch 5/10
2024-06-19 20:29:43,381 - INFO - Train Loss: 0.12769400477033072
2024-06-19 20:29:43,381 - INFO - Validation Loss: 0.6065682876549328
2024-06-19 20:29:43,381 - INFO - Validation F1-score: 0.8383134386075013
2024-06-19 20:30:10,882 - INFO - Epoch 6/10
2024-06-19 20:30:10,882 - INFO - Train Loss: 0.05563812682668519
2024-06-19 20:30:10,882 - INFO - Validation Loss: 0.6608491589718345
2024-06-19 20:30:10,882 - INFO - Validation F1-score: 0.8255887587832612
2024-06-19 20:30:38,440 - INFO - Epoch 7/10
2024-06-19 20:30:38,440 - INFO - Train Loss: 0.033772621708310614
2024-06-19 20:30:38,440 - INFO - Validation Loss: 0.6355549520534922
2024-06-19 20:30:38,441 - INFO - Validation F1-score: 0.8490889713335386
2024-06-19 20:31:06,010 - INFO - Epoch 8/10
2024-06-19 20:31:06,010 - INFO - Train Loss: 0.017535397679441504
2024-06-19 20:31:06,010 - INFO - Validation Loss: 0.6314324214463748
2024-06-19 20:31:06,010 - INFO - Validation F1-score: 0.8562593378778397
2024-06-19 20:31:06,010 - INFO - Early stopping as validation loss didn't improve for 4 consecutive epochs.
2024-06-19 20:31:06,379 - INFO - 

************** Fine-tuning microsoft/BiomedNLP-PubMedBERT-base-uncased-abstract-fulltext: multi **************
2024-06-19 20:31:39,378 - INFO - Epoch 1/10
2024-06-19 20:31:39,378 - INFO - Train Loss: 1.7539523948322644
2024-06-19 20:31:39,378 - INFO - Validation Loss: 0.8783397214181388
2024-06-19 20:31:39,378 - INFO - Validation F1-score: 0.7531806791866165
2024-06-19 20:32:07,381 - INFO - Epoch 2/10
2024-06-19 20:32:07,381 - INFO - Train Loss: 0.6536809672610928
2024-06-19 20:32:07,381 - INFO - Validation Loss: 0.6041388324281173
2024-06-19 20:32:07,381 - INFO - Validation F1-score: 0.8285094477252614
2024-06-19 20:32:35,429 - INFO - Epoch 3/10
2024-06-19 20:32:35,429 - INFO - Train Loss: 0.2861032417476779
2024-06-19 20:32:35,429 - INFO - Validation Loss: 0.5218462148097469
2024-06-19 20:32:35,429 - INFO - Validation F1-score: 0.860334595963001
2024-06-19 20:33:03,499 - INFO - Epoch 4/10
2024-06-19 20:33:03,499 - INFO - Train Loss: 0.15211268475824835
2024-06-19 20:33:03,499 - INFO - Validation Loss: 0.4851546361903424
2024-06-19 20:33:03,499 - INFO - Validation F1-score: 0.8702780539179522
2024-06-19 20:33:31,591 - INFO - Epoch 5/10
2024-06-19 20:33:31,591 - INFO - Train Loss: 0.07268480877533104
2024-06-19 20:33:31,591 - INFO - Validation Loss: 0.47613767243977356
2024-06-19 20:33:31,591 - INFO - Validation F1-score: 0.8756095026385455
2024-06-19 20:33:59,112 - INFO - Epoch 6/10
2024-06-19 20:33:59,112 - INFO - Train Loss: 0.03212369740423229
2024-06-19 20:33:59,112 - INFO - Validation Loss: 0.477698023097395
2024-06-19 20:33:59,112 - INFO - Validation F1-score: 0.886033030434431
2024-06-19 20:34:26,693 - INFO - Epoch 7/10
2024-06-19 20:34:26,693 - INFO - Train Loss: 0.02053136874291331
2024-06-19 20:34:26,693 - INFO - Validation Loss: 0.5137765380838858
2024-06-19 20:34:26,693 - INFO - Validation F1-score: 0.8795203918139379
2024-06-19 20:34:54,201 - INFO - Epoch 8/10
2024-06-19 20:34:54,202 - INFO - Train Loss: 0.01432457061794897
2024-06-19 20:34:54,202 - INFO - Validation Loss: 0.5002909243913062
2024-06-19 20:34:54,202 - INFO - Validation F1-score: 0.8916240517905272
2024-06-19 20:35:21,775 - INFO - Epoch 9/10
2024-06-19 20:35:21,776 - INFO - Train Loss: 0.009852535987385747
2024-06-19 20:35:21,776 - INFO - Validation Loss: 0.5067941308344728
2024-06-19 20:35:21,776 - INFO - Validation F1-score: 0.8896896562425604
2024-06-19 20:35:21,776 - INFO - Early stopping as validation loss didn't improve for 4 consecutive epochs.
2024-06-19 20:35:22,199 - INFO - 

************** Fine-tuning microsoft/BiomedNLP-BiomedBERT-base-uncased-abstract: multi **************
2024-06-19 20:35:54,424 - INFO - Epoch 1/10
2024-06-19 20:35:54,424 - INFO - Train Loss: 1.6787404540662814
2024-06-19 20:35:54,424 - INFO - Validation Loss: 0.8294851208355889
2024-06-19 20:35:54,424 - INFO - Validation F1-score: 0.725182829224944
2024-06-19 20:36:22,415 - INFO - Epoch 2/10
2024-06-19 20:36:22,415 - INFO - Train Loss: 0.6692235887502179
2024-06-19 20:36:22,415 - INFO - Validation Loss: 0.6275287045360501
2024-06-19 20:36:22,415 - INFO - Validation F1-score: 0.8169775645803492
2024-06-19 20:36:50,771 - INFO - Epoch 3/10
2024-06-19 20:36:50,772 - INFO - Train Loss: 0.30136775249859904
2024-06-19 20:36:50,772 - INFO - Validation Loss: 0.5841344554644468
2024-06-19 20:36:50,772 - INFO - Validation F1-score: 0.8404798770566914
2024-06-19 20:37:18,858 - INFO - Epoch 4/10
2024-06-19 20:37:18,858 - INFO - Train Loss: 0.16925761702874995
2024-06-19 20:37:18,858 - INFO - Validation Loss: 0.5380717705198522
2024-06-19 20:37:18,858 - INFO - Validation F1-score: 0.8609089976104651
2024-06-19 20:37:46,870 - INFO - Epoch 5/10
2024-06-19 20:37:46,870 - INFO - Train Loss: 0.08569140704536829
2024-06-19 20:37:46,870 - INFO - Validation Loss: 0.5246475643214228
2024-06-19 20:37:46,870 - INFO - Validation F1-score: 0.865649310482907
2024-06-19 20:38:14,322 - INFO - Epoch 6/10
2024-06-19 20:38:14,323 - INFO - Train Loss: 0.032009474714427735
2024-06-19 20:38:14,323 - INFO - Validation Loss: 0.5733014213880385
2024-06-19 20:38:14,323 - INFO - Validation F1-score: 0.8658216513901866
2024-06-19 20:38:41,736 - INFO - Epoch 7/10
2024-06-19 20:38:41,736 - INFO - Train Loss: 0.013718978059713286
2024-06-19 20:38:41,736 - INFO - Validation Loss: 0.5678931352015195
2024-06-19 20:38:41,736 - INFO - Validation F1-score: 0.8768988223830297
2024-06-19 20:39:09,219 - INFO - Epoch 8/10
2024-06-19 20:39:09,219 - INFO - Train Loss: 0.010352504752444648
2024-06-19 20:39:09,219 - INFO - Validation Loss: 0.58524379890704
2024-06-19 20:39:09,219 - INFO - Validation F1-score: 0.875037050808926
2024-06-19 20:39:37,008 - INFO - Epoch 9/10
2024-06-19 20:39:37,008 - INFO - Train Loss: 0.011924381063300928
2024-06-19 20:39:37,008 - INFO - Validation Loss: 0.6016419022378804
2024-06-19 20:39:37,008 - INFO - Validation F1-score: 0.8791893974927819
2024-06-19 20:39:37,008 - INFO - Early stopping as validation loss didn't improve for 4 consecutive epochs.
2024-06-19 20:39:37,237 - INFO - 

************** Fine-tuning allenai/scibert_scivocab_uncased: multi **************
2024-06-19 20:40:10,012 - INFO - Epoch 1/10
2024-06-19 20:40:10,012 - INFO - Train Loss: 1.6908455965193836
2024-06-19 20:40:10,012 - INFO - Validation Loss: 0.7750791535893483
2024-06-19 20:40:10,012 - INFO - Validation F1-score: 0.803182746345463
2024-06-19 20:40:38,071 - INFO - Epoch 2/10
2024-06-19 20:40:38,071 - INFO - Train Loss: 0.645537687070442
2024-06-19 20:40:38,071 - INFO - Validation Loss: 0.7014779497438403
2024-06-19 20:40:38,071 - INFO - Validation F1-score: 0.7792019400311478
2024-06-19 20:41:06,133 - INFO - Epoch 3/10
2024-06-19 20:41:06,134 - INFO - Train Loss: 0.31584148284875685
2024-06-19 20:41:06,134 - INFO - Validation Loss: 0.49980261318608005
2024-06-19 20:41:06,134 - INFO - Validation F1-score: 0.850239353451441
2024-06-19 20:41:33,649 - INFO - Epoch 4/10
2024-06-19 20:41:33,649 - INFO - Train Loss: 0.12283408480480013
2024-06-19 20:41:33,649 - INFO - Validation Loss: 0.5023912142044795
2024-06-19 20:41:33,649 - INFO - Validation F1-score: 0.8620217737528826
2024-06-19 20:42:01,204 - INFO - Epoch 5/10
2024-06-19 20:42:01,204 - INFO - Train Loss: 0.05408789039203765
2024-06-19 20:42:01,204 - INFO - Validation Loss: 0.544502914869296
2024-06-19 20:42:01,204 - INFO - Validation F1-score: 0.8583503693509645
2024-06-19 20:42:28,672 - INFO - Epoch 6/10
2024-06-19 20:42:28,673 - INFO - Train Loss: 0.024552061577619175
2024-06-19 20:42:28,673 - INFO - Validation Loss: 0.5907387326179601
2024-06-19 20:42:28,673 - INFO - Validation F1-score: 0.8618556779095871
2024-06-19 20:42:56,393 - INFO - Epoch 7/10
2024-06-19 20:42:56,393 - INFO - Train Loss: 0.016899405171944187
2024-06-19 20:42:56,393 - INFO - Validation Loss: 0.5832970091767276
2024-06-19 20:42:56,393 - INFO - Validation F1-score: 0.8659367942574355
2024-06-19 20:42:56,393 - INFO - Early stopping as validation loss didn't improve for 4 consecutive epochs.
2024-06-19 20:42:56,608 - INFO - 

************** Fine-tuning dmis-lab/biobert-v1.1: multi **************
2024-06-19 20:43:33,030 - INFO - Epoch 1/10
2024-06-19 20:43:33,030 - INFO - Train Loss: 1.8602459122135182
2024-06-19 20:43:33,030 - INFO - Validation Loss: 0.9554276940093112
2024-06-19 20:43:33,030 - INFO - Validation F1-score: 0.6642280486269542
2024-06-19 20:44:01,104 - INFO - Epoch 2/10
2024-06-19 20:44:01,104 - INFO - Train Loss: 0.6415316319525844
2024-06-19 20:44:01,104 - INFO - Validation Loss: 0.527372920468672
2024-06-19 20:44:01,104 - INFO - Validation F1-score: 0.862105335654738
2024-06-19 20:44:28,537 - INFO - Epoch 3/10
2024-06-19 20:44:28,538 - INFO - Train Loss: 0.27183018247549884
2024-06-19 20:44:28,538 - INFO - Validation Loss: 0.5736693072952886
2024-06-19 20:44:28,538 - INFO - Validation F1-score: 0.8441095870249022
2024-06-19 20:44:56,580 - INFO - Epoch 4/10
2024-06-19 20:44:56,580 - INFO - Train Loss: 0.12115189956143649
2024-06-19 20:44:56,581 - INFO - Validation Loss: 0.5182144225978139
2024-06-19 20:44:56,581 - INFO - Validation F1-score: 0.8779607437774204
2024-06-19 20:45:24,610 - INFO - Epoch 5/10
2024-06-19 20:45:24,610 - INFO - Train Loss: 0.058281180317127944
2024-06-19 20:45:24,610 - INFO - Validation Loss: 0.4992510562331708
2024-06-19 20:45:24,610 - INFO - Validation F1-score: 0.8724909690694933
2024-06-19 20:45:52,114 - INFO - Epoch 6/10
2024-06-19 20:45:52,114 - INFO - Train Loss: 0.023626228820325598
2024-06-19 20:45:52,115 - INFO - Validation Loss: 0.5015549864654721
2024-06-19 20:45:52,115 - INFO - Validation F1-score: 0.8783179896533043
2024-06-19 20:46:19,613 - INFO - Epoch 7/10
2024-06-19 20:46:19,613 - INFO - Train Loss: 0.015610439321872864
2024-06-19 20:46:19,613 - INFO - Validation Loss: 0.5401794099346248
2024-06-19 20:46:19,613 - INFO - Validation F1-score: 0.8763649120193467
2024-06-19 20:46:47,069 - INFO - Epoch 8/10
2024-06-19 20:46:47,069 - INFO - Train Loss: 0.010683205345589104
2024-06-19 20:46:47,069 - INFO - Validation Loss: 0.5465702175287835
2024-06-19 20:46:47,069 - INFO - Validation F1-score: 0.8727346585018646
2024-06-19 20:47:14,585 - INFO - Epoch 9/10
2024-06-19 20:47:14,586 - INFO - Train Loss: 0.00919989397692861
2024-06-19 20:47:14,586 - INFO - Validation Loss: 0.5511787244911069
2024-06-19 20:47:14,586 - INFO - Validation F1-score: 0.8745526987742592
2024-06-19 20:47:14,586 - INFO - Early stopping as validation loss didn't improve for 4 consecutive epochs.
2024-06-19 20:47:14,811 - INFO - 

************** Fine-tuning michiyasunaga/BioLinkBERT-base: multi **************
2024-06-19 20:47:47,412 - INFO - Epoch 1/10
2024-06-19 20:47:47,412 - INFO - Train Loss: 1.8053105163453804
2024-06-19 20:47:47,412 - INFO - Validation Loss: 0.8695813608703329
2024-06-19 20:47:47,412 - INFO - Validation F1-score: 0.73967498000955
2024-06-19 20:48:15,416 - INFO - Epoch 2/10
2024-06-19 20:48:15,417 - INFO - Train Loss: 0.6144119480041542
2024-06-19 20:48:15,417 - INFO - Validation Loss: 0.501465600539944
2024-06-19 20:48:15,417 - INFO - Validation F1-score: 0.8427596614451169
2024-06-19 20:48:43,698 - INFO - Epoch 3/10
2024-06-19 20:48:43,698 - INFO - Train Loss: 0.3008611503085404
2024-06-19 20:48:43,698 - INFO - Validation Loss: 0.40638074392814244
2024-06-19 20:48:43,698 - INFO - Validation F1-score: 0.887685799506245
2024-06-19 20:49:11,173 - INFO - Epoch 4/10
2024-06-19 20:49:11,173 - INFO - Train Loss: 0.16791352377545954
2024-06-19 20:49:11,173 - INFO - Validation Loss: 0.4649101662129831
2024-06-19 20:49:11,173 - INFO - Validation F1-score: 0.8832320368391843
2024-06-19 20:49:38,593 - INFO - Epoch 5/10
2024-06-19 20:49:38,593 - INFO - Train Loss: 0.07984051828959374
2024-06-19 20:49:38,593 - INFO - Validation Loss: 0.4793969235841685
2024-06-19 20:49:38,593 - INFO - Validation F1-score: 0.8662946177934409
2024-06-19 20:50:06,121 - INFO - Epoch 6/10
2024-06-19 20:50:06,122 - INFO - Train Loss: 0.03614224240447235
2024-06-19 20:50:06,122 - INFO - Validation Loss: 0.49979944939989207
2024-06-19 20:50:06,122 - INFO - Validation F1-score: 0.877445136898532
2024-06-19 20:50:33,603 - INFO - Epoch 7/10
2024-06-19 20:50:33,603 - INFO - Train Loss: 0.026567137877767284
2024-06-19 20:50:33,603 - INFO - Validation Loss: 0.46821361295739883
2024-06-19 20:50:33,603 - INFO - Validation F1-score: 0.8862670025017394
2024-06-19 20:50:33,603 - INFO - Early stopping as validation loss didn't improve for 4 consecutive epochs.
2024-06-19 20:50:33,819 - INFO - 

************** Fine-tuning emilyalsentzer/Bio_ClinicalBERT: multi **************
2024-06-19 20:51:06,048 - INFO - Epoch 1/10
2024-06-19 20:51:06,049 - INFO - Train Loss: 1.9605084022488257
2024-06-19 20:51:06,049 - INFO - Validation Loss: 1.245614994150489
2024-06-19 20:51:06,049 - INFO - Validation F1-score: 0.5928881795781668
2024-06-19 20:51:34,124 - INFO - Epoch 2/10
2024-06-19 20:51:34,124 - INFO - Train Loss: 0.9123404538541129
2024-06-19 20:51:34,124 - INFO - Validation Loss: 0.8138437164363577
2024-06-19 20:51:34,124 - INFO - Validation F1-score: 0.6807905517620253
2024-06-19 20:52:02,263 - INFO - Epoch 3/10
2024-06-19 20:52:02,263 - INFO - Train Loss: 0.5153570302357577
2024-06-19 20:52:02,263 - INFO - Validation Loss: 0.7578065537694675
2024-06-19 20:52:02,263 - INFO - Validation F1-score: 0.7589594773252156
2024-06-19 20:52:30,363 - INFO - Epoch 4/10
2024-06-19 20:52:30,363 - INFO - Train Loss: 0.2548606353482664
2024-06-19 20:52:30,363 - INFO - Validation Loss: 0.5207652288085934
2024-06-19 20:52:30,363 - INFO - Validation F1-score: 0.8610294333744768
2024-06-19 20:52:57,818 - INFO - Epoch 5/10
2024-06-19 20:52:57,818 - INFO - Train Loss: 0.11535208385362468
2024-06-19 20:52:57,818 - INFO - Validation Loss: 0.5761878478493708
2024-06-19 20:52:57,818 - INFO - Validation F1-score: 0.8450239304990766
2024-06-19 20:53:25,343 - INFO - Epoch 6/10
2024-06-19 20:53:25,343 - INFO - Train Loss: 0.07316143489019437
2024-06-19 20:53:25,343 - INFO - Validation Loss: 0.6249923308783057
2024-06-19 20:53:25,343 - INFO - Validation F1-score: 0.8378288424079215
2024-06-19 20:53:52,948 - INFO - Epoch 7/10
2024-06-19 20:53:52,948 - INFO - Train Loss: 0.02908697504681921
2024-06-19 20:53:52,948 - INFO - Validation Loss: 0.5944182980291323
2024-06-19 20:53:52,948 - INFO - Validation F1-score: 0.8592526632869476
2024-06-19 20:54:20,468 - INFO - Epoch 8/10
2024-06-19 20:54:20,468 - INFO - Train Loss: 0.018711742514631514
2024-06-19 20:54:20,468 - INFO - Validation Loss: 0.5937493369400278
2024-06-19 20:54:20,468 - INFO - Validation F1-score: 0.8578152363579399
2024-06-19 20:54:20,468 - INFO - Early stopping as validation loss didn't improve for 4 consecutive epochs.
