Train multi:
multi_label
0     514
1     192
2      93
3      77
4      69
5      63
6      58
7      36
8      32
9      22
10     16
11     13
12      4
13      2
Name: count, dtype: int64

Val multi:
multi_label
0     172
1      64
2      31
3      26
4      23
5      21
6      19
7      12
8      11
9       8
10      5
11      5
12      2
13      1
Name: count, dtype: int64

Test multi:
multi_label
0     172
1      65
2      32
3      26
4      23
5      21
6      20
7      12
8      11
9       8
10      6
11      5
12      2
13      1
Name: count, dtype: int64

Train binary:
binary_label
0    1054
1     137
Name: count, dtype: int64

Val binary:
binary_label
0    355
1     45
Name: count, dtype: int64

Test binary:
binary_label
0    357
1     47
Name: count, dtype: int64

