2024-04-23 18:56:07,463 - INFO - 

************** Fine-tuning bert-base-uncased binary **************
2024-04-23 18:57:05,985 - INFO - Epoch 1/10
2024-04-23 18:57:05,994 - INFO - Train Loss: 0.3367239983702366
2024-04-23 18:57:05,998 - INFO - Validation Loss: 0.9658978519548757
2024-04-23 18:57:05,998 - INFO - Validation F1 Score: 0.9658978519548757
2024-04-23 18:58:03,598 - INFO - Epoch 2/10
2024-04-23 18:58:03,606 - INFO - Train Loss: 0.10855459681268306
2024-04-23 18:58:03,606 - INFO - Validation Loss: 0.9578774944266217
2024-04-23 18:58:03,606 - INFO - Validation F1 Score: 0.9578774944266217
2024-04-23 18:59:03,529 - INFO - Epoch 3/10
2024-04-23 18:59:03,529 - INFO - Train Loss: 0.0742094201893677
2024-04-23 18:59:03,529 - INFO - Validation Loss: 0.9506310029037301
2024-04-23 18:59:03,529 - INFO - Validation F1 Score: 0.9506310029037301
2024-04-23 19:00:04,453 - INFO - Epoch 4/10
2024-04-23 19:00:04,453 - INFO - Train Loss: 0.05820971420159776
2024-04-23 19:00:04,453 - INFO - Validation Loss: 0.985
2024-04-23 19:00:04,453 - INFO - Validation F1 Score: 0.985
2024-04-23 19:37:46,927 - INFO - 

************** Fine-tuning bert-base-uncased binary **************
2024-04-23 19:38:16,929 - INFO - Epoch 1/10
2024-04-23 19:38:16,929 - INFO - Train Loss: 0.24112967367990304
2024-04-23 19:38:16,929 - INFO - Validation Loss: 0.11071863869205117
2024-04-23 19:38:16,929 - INFO - Validation F1 Score: 0.11071863869205117
2024-04-23 19:38:37,656 - INFO - Epoch 2/10
2024-04-23 19:38:37,656 - INFO - Train Loss: 0.08647352855358797
2024-04-23 19:38:37,656 - INFO - Validation Loss: 0.07356330880895257
2024-04-23 19:38:37,656 - INFO - Validation F1 Score: 0.07356330880895257
2024-04-23 19:38:57,241 - INFO - Epoch 3/10
2024-04-23 19:38:57,242 - INFO - Train Loss: 0.050283291993972114
2024-04-23 19:38:57,242 - INFO - Validation Loss: 0.08545087157515809
2024-04-23 19:38:57,242 - INFO - Validation F1 Score: 0.08545087157515809
2024-04-23 19:39:18,171 - INFO - Epoch 4/10
2024-04-23 19:39:18,171 - INFO - Train Loss: 0.03576853778799246
2024-04-23 19:39:18,171 - INFO - Validation Loss: 0.06680625335138757
2024-04-23 19:39:18,172 - INFO - Validation F1 Score: 0.06680625335138757
2024-04-23 19:39:37,851 - INFO - Epoch 5/10
2024-04-23 19:39:37,851 - INFO - Train Loss: 0.022236913449448163
2024-04-23 19:39:37,851 - INFO - Validation Loss: 0.09355000895448029
2024-04-23 19:39:37,851 - INFO - Validation F1 Score: 0.09355000895448029
2024-04-23 19:39:57,548 - INFO - Epoch 6/10
2024-04-23 19:39:57,548 - INFO - Train Loss: 0.02323974592079121
2024-04-23 19:39:57,548 - INFO - Validation Loss: 0.08421449729270535
2024-04-23 19:39:57,548 - INFO - Validation F1 Score: 0.08421449729270535
2024-04-23 19:40:17,268 - INFO - Epoch 7/10
2024-04-23 19:40:17,268 - INFO - Train Loss: 0.014152590435032652
2024-04-23 19:40:17,268 - INFO - Validation Loss: 0.07488532680174104
2024-04-23 19:40:17,268 - INFO - Validation F1 Score: 0.07488532680174104
2024-04-23 19:40:37,015 - INFO - Epoch 8/10
2024-04-23 19:40:37,015 - INFO - Train Loss: 0.008894808911628577
2024-04-23 19:40:37,015 - INFO - Validation Loss: 0.07685087784819189
2024-04-23 19:40:37,015 - INFO - Validation F1 Score: 0.07685087784819189
2024-04-23 19:40:37,015 - INFO - Early stopping as validation loss didn't improve for 4 consecutive epochs.
2024-04-23 19:41:59,244 - INFO - 

************** Fine-tuning bert-base-uncased binary **************
2024-04-23 19:42:24,287 - INFO - Epoch 1/10
2024-04-23 19:42:24,288 - INFO - Train Loss: 0.23174125498360734
2024-04-23 19:42:24,288 - INFO - Validation Loss: 0.9705533120366464
2024-04-23 19:42:24,288 - INFO - Validation F1 Score: 0.9705533120366464
2024-04-23 19:42:43,962 - INFO - Epoch 2/10
2024-04-23 19:42:43,962 - INFO - Train Loss: 0.08225422058310734
2024-04-23 19:42:43,962 - INFO - Validation Loss: 0.9780123180291155
2024-04-23 19:42:43,962 - INFO - Validation F1 Score: 0.9780123180291155
2024-04-23 19:43:03,680 - INFO - Epoch 3/10
2024-04-23 19:43:03,681 - INFO - Train Loss: 0.04843138834506886
2024-04-23 19:43:03,681 - INFO - Validation Loss: 0.9781998357554517
2024-04-23 19:43:03,681 - INFO - Validation F1 Score: 0.9781998357554517
2024-04-23 19:43:23,395 - INFO - Epoch 4/10
2024-04-23 19:43:23,395 - INFO - Train Loss: 0.0729548161440754
2024-04-23 19:43:23,395 - INFO - Validation Loss: 0.9805397727272728
2024-04-23 19:43:23,395 - INFO - Validation F1 Score: 0.9805397727272728
2024-04-23 19:43:43,097 - INFO - Epoch 5/10
2024-04-23 19:43:43,097 - INFO - Train Loss: 0.03303787378780231
2024-04-23 19:43:43,097 - INFO - Validation Loss: 0.9805397727272728
2024-04-23 19:43:43,097 - INFO - Validation F1 Score: 0.9805397727272728
2024-04-23 19:43:43,097 - INFO - Early stopping as validation loss didn't improve for 4 consecutive epochs.
2024-04-23 19:48:35,858 - INFO - 

************** Fine-tuning bert-base-uncased binary **************
2024-04-23 19:49:00,753 - INFO - Epoch 1/10
2024-04-23 19:49:00,754 - INFO - Train Loss: 0.2971803101979746
2024-04-23 19:49:00,754 - INFO - Validation Loss: 0.9781998357554517
2024-04-23 19:49:21,778 - INFO - Epoch 2/10
2024-04-23 19:49:21,778 - INFO - Train Loss: 0.10116887388082109
2024-04-23 19:49:21,778 - INFO - Validation Loss: 0.9756747159090909
2024-04-23 19:49:41,448 - INFO - Epoch 3/10
2024-04-23 19:49:41,448 - INFO - Train Loss: 0.05155641364477475
2024-04-23 19:49:41,448 - INFO - Validation Loss: 0.9758779580208151
2024-04-23 19:50:02,439 - INFO - Epoch 4/10
2024-04-23 19:50:02,440 - INFO - Train Loss: 0.03936883181156966
2024-04-23 19:50:02,440 - INFO - Validation Loss: 0.9733553548122187
2024-04-23 19:50:22,118 - INFO - Epoch 5/10
2024-04-23 19:50:22,127 - INFO - Train Loss: 0.03284017426968121
2024-04-23 19:50:22,137 - INFO - Validation Loss: 0.9733553548122187
2024-04-23 19:50:41,841 - INFO - Epoch 6/10
2024-04-23 19:50:41,850 - INFO - Train Loss: 0.016289497673513068
2024-04-23 19:50:41,857 - INFO - Validation Loss: 0.9760714285714286
2024-04-23 19:51:01,590 - INFO - Epoch 7/10
2024-04-23 19:51:01,598 - INFO - Train Loss: 0.013408560616014238
2024-04-23 19:51:01,600 - INFO - Validation Loss: 0.9758779580208151
2024-04-23 19:51:22,738 - INFO - Epoch 8/10
2024-04-23 19:51:22,738 - INFO - Train Loss: 0.012800451075297236
2024-04-23 19:51:22,738 - INFO - Validation Loss: 0.9710535496249781
2024-04-23 19:51:42,480 - INFO - Epoch 9/10
2024-04-23 19:51:42,480 - INFO - Train Loss: 0.006232123464231079
2024-04-23 19:51:42,480 - INFO - Validation Loss: 0.9710535496249781
2024-04-23 19:52:02,223 - INFO - Epoch 10/10
2024-04-23 19:52:02,223 - INFO - Train Loss: 0.005168990311060482
2024-04-23 19:52:02,223 - INFO - Validation Loss: 0.9710535496249781
2024-04-23 19:52:02,531 - INFO - 

************** Fine-tuning microsoft/BiomedNLP-PubMedBERT-base-uncased-abstract-fulltext binary **************
2024-04-23 20:02:47,937 - INFO - 

************** Fine-tuning bert-base-uncased binary **************
2024-04-23 20:06:06,586 - INFO - 

************** Fine-tuning bert-base-uncased binary **************
2024-04-23 20:06:31,382 - INFO - Epoch 1/10
2024-04-23 20:06:31,382 - INFO - Train Loss: 0.2515442756023383
2024-04-23 20:06:31,382 - INFO - Validation Loss: 0.06847601496614515
2024-04-23 20:06:31,382 - INFO - Validation F1-score: 0.9803688746910976
2024-04-23 20:06:52,384 - INFO - Epoch 2/10
2024-04-23 20:06:52,385 - INFO - Train Loss: 0.09547170229418665
2024-04-23 20:06:52,385 - INFO - Validation Loss: 0.06604375777766108
2024-04-23 20:06:52,385 - INFO - Validation F1-score: 0.9805397727272728
2024-04-23 20:07:12,045 - INFO - Epoch 3/10
2024-04-23 20:07:12,045 - INFO - Train Loss: 0.048517912871598096
2024-04-23 20:07:12,045 - INFO - Validation Loss: 0.09292510781087912
2024-04-23 20:07:12,045 - INFO - Validation F1-score: 0.9712857142857143
2024-04-23 20:07:31,713 - INFO - Epoch 4/10
2024-04-23 20:07:31,713 - INFO - Train Loss: 0.04193016743614032
2024-04-23 20:07:31,713 - INFO - Validation Loss: 0.06629208017373457
2024-04-23 20:07:31,713 - INFO - Validation F1-score: 0.9805397727272728
2024-04-23 20:07:51,390 - INFO - Epoch 5/10
2024-04-23 20:07:51,390 - INFO - Train Loss: 0.02668578782483729
2024-04-23 20:07:51,390 - INFO - Validation Loss: 0.08004384755739011
2024-04-23 20:07:51,390 - INFO - Validation F1-score: 0.9780123180291155
2024-04-23 20:08:11,095 - INFO - Epoch 6/10
2024-04-23 20:08:11,095 - INFO - Train Loss: 0.01843572712730735
2024-04-23 20:08:11,095 - INFO - Validation Loss: 0.07224128959293012
2024-04-23 20:08:11,095 - INFO - Validation F1-score: 0.9803688746910976
2024-04-23 20:08:11,095 - INFO - Early stopping as validation loss didn't improve for 4 consecutive epochs.
2024-04-23 20:10:04,071 - INFO - 

************** Fine-tuning bert-base-uncased binary **************
2024-04-23 20:10:29,943 - INFO - Epoch 1/10
2024-04-23 20:10:29,943 - INFO - Train Loss: 0.3107701982652781
2024-04-23 20:10:29,943 - INFO - Validation Loss: 0.07653848920948804
2024-04-23 20:10:29,943 - INFO - Validation F1-score: 0.9780123180291155
2024-04-23 20:10:49,609 - INFO - Epoch 2/10
2024-04-23 20:10:49,610 - INFO - Train Loss: 0.0935581612944503
2024-04-23 20:10:49,610 - INFO - Validation Loss: 0.08825691236648708
2024-04-23 20:10:49,610 - INFO - Validation F1-score: 0.9664999999999999
2024-04-23 20:11:09,253 - INFO - Epoch 3/10
2024-04-23 20:11:09,253 - INFO - Train Loss: 0.06865417738304468
2024-04-23 20:11:09,253 - INFO - Validation Loss: 0.0886806379724294
2024-04-23 20:11:09,253 - INFO - Validation F1-score: 0.9667579639305579
2024-04-23 20:11:28,902 - INFO - Epoch 4/10
2024-04-23 20:11:28,902 - INFO - Train Loss: 0.04422053141791323
2024-04-23 20:11:28,902 - INFO - Validation Loss: 0.08589186540804804
2024-04-23 20:11:28,903 - INFO - Validation F1-score: 0.9758779580208151
2024-04-23 20:11:48,580 - INFO - Epoch 5/10
2024-04-23 20:11:48,580 - INFO - Train Loss: 0.020888358399884514
2024-04-23 20:11:48,580 - INFO - Validation Loss: 0.08619914227107074
2024-04-23 20:11:48,580 - INFO - Validation F1-score: 0.9733553548122187
2024-04-23 20:11:48,581 - INFO - Early stopping as validation loss didn't improve for 4 consecutive epochs.
2024-04-23 20:11:48,838 - INFO - 

************** Fine-tuning microsoft/BiomedNLP-PubMedBERT-base-uncased-abstract-fulltext binary **************
2024-04-23 20:12:12,730 - INFO - Epoch 1/10
2024-04-23 20:12:12,730 - INFO - Train Loss: 0.26109206430213966
2024-04-23 20:12:12,730 - INFO - Validation Loss: 0.042648779873270544
2024-04-23 20:12:12,730 - INFO - Validation F1-score: 0.9851418570375831
2024-04-23 20:12:32,408 - INFO - Epoch 2/10
2024-04-23 20:12:32,409 - INFO - Train Loss: 0.05443336767216382
2024-04-23 20:12:32,409 - INFO - Validation Loss: 0.04856421892065555
2024-04-23 20:12:32,409 - INFO - Validation F1-score: 0.9854048295454545
2024-04-23 20:12:52,088 - INFO - Epoch 3/10
2024-04-23 20:12:52,089 - INFO - Train Loss: 0.04972565857593545
2024-04-23 20:12:52,089 - INFO - Validation Loss: 0.11746351132052951
2024-04-23 20:12:52,089 - INFO - Validation F1-score: 0.9807023664166521
2024-04-23 20:13:13,149 - INFO - Epoch 4/10
2024-04-23 20:13:13,149 - INFO - Train Loss: 0.04746467560598464
2024-04-23 20:13:13,149 - INFO - Validation Loss: 0.0320949790161103
2024-04-23 20:13:13,149 - INFO - Validation F1-score: 0.9874385657169046
2024-04-23 20:13:32,888 - INFO - Epoch 5/10
2024-04-23 20:13:32,889 - INFO - Train Loss: 0.013657648196239212
2024-04-23 20:13:32,889 - INFO - Validation Loss: 0.03294931882643141
2024-04-23 20:13:32,889 - INFO - Validation F1-score: 0.9926050554364193
2024-04-23 20:13:52,625 - INFO - Epoch 6/10
2024-04-23 20:13:52,625 - INFO - Train Loss: 0.0025514934998944762
2024-04-23 20:13:52,625 - INFO - Validation Loss: 0.050117577704659196
2024-04-23 20:13:52,625 - INFO - Validation F1-score: 0.9877846211272864
2024-04-23 20:14:12,367 - INFO - Epoch 7/10
2024-04-23 20:14:12,367 - INFO - Train Loss: 0.0009632147709923428
2024-04-23 20:14:12,367 - INFO - Validation Loss: 0.03491430574154947
2024-04-23 20:14:12,367 - INFO - Validation F1-score: 0.9950472856791941
2024-04-23 20:14:32,103 - INFO - Epoch 8/10
2024-04-23 20:14:32,113 - INFO - Train Loss: 0.0003964681749274304
2024-04-23 20:14:32,113 - INFO - Validation Loss: 0.03655988276266726
2024-04-23 20:14:32,113 - INFO - Validation F1-score: 0.9950472856791941
2024-04-23 20:14:32,113 - INFO - Early stopping as validation loss didn't improve for 4 consecutive epochs.
2024-04-23 20:14:32,381 - INFO - 

************** Fine-tuning microsoft/BiomedNLP-BiomedBERT-base-uncased-abstract binary **************
2024-04-23 20:14:56,233 - INFO - Epoch 1/10
2024-04-23 20:14:56,233 - INFO - Train Loss: 0.23321559602682224
2024-04-23 20:14:56,233 - INFO - Validation Loss: 0.064423509798944
2024-04-23 20:14:56,233 - INFO - Validation F1-score: 0.9760714285714286
2024-04-23 20:15:17,256 - INFO - Epoch 2/10
2024-04-23 20:15:17,257 - INFO - Train Loss: 0.06596887796170285
2024-04-23 20:15:17,257 - INFO - Validation Loss: 0.03138846604153514
2024-04-23 20:15:17,257 - INFO - Validation F1-score: 0.9901844373455488
2024-04-23 20:15:37,000 - INFO - Epoch 3/10
2024-04-23 20:15:37,009 - INFO - Train Loss: 0.04579277296867784
2024-04-23 20:15:37,009 - INFO - Validation Loss: 0.11896503039635718
2024-04-23 20:15:37,009 - INFO - Validation F1-score: 0.9715068262261924
2024-04-23 20:15:56,747 - INFO - Epoch 4/10
2024-04-23 20:15:56,747 - INFO - Train Loss: 0.03781162324906858
2024-04-23 20:15:56,747 - INFO - Validation Loss: 0.04831404197611846
2024-04-23 20:15:56,747 - INFO - Validation F1-score: 0.9854048295454545
2024-04-23 20:16:16,497 - INFO - Epoch 5/10
2024-04-23 20:16:16,497 - INFO - Train Loss: 0.003892938930099055
2024-04-23 20:16:16,497 - INFO - Validation Loss: 0.1125686632504221
2024-04-23 20:16:16,497 - INFO - Validation F1-score: 0.9830443166986845
2024-04-23 20:16:36,239 - INFO - Epoch 6/10
2024-04-23 20:16:36,239 - INFO - Train Loss: 0.006988988612171406
2024-04-23 20:16:36,239 - INFO - Validation Loss: 0.09088736116711515
2024-04-23 20:16:36,239 - INFO - Validation F1-score: 0.9830443166986845
2024-04-23 20:16:36,239 - INFO - Early stopping as validation loss didn't improve for 4 consecutive epochs.
2024-04-23 20:16:36,541 - INFO - 

************** Fine-tuning allenai/scibert_scivocab_uncased binary **************
2024-04-23 20:17:00,882 - INFO - Epoch 1/10
2024-04-23 20:17:00,882 - INFO - Train Loss: 0.22787789552903814
2024-04-23 20:17:00,882 - INFO - Validation Loss: 0.09557111395988613
2024-04-23 20:17:00,882 - INFO - Validation F1-score: 0.9561164470255379
2024-04-23 20:17:21,828 - INFO - Epoch 2/10
2024-04-23 20:17:21,828 - INFO - Train Loss: 0.09415175043274618
2024-04-23 20:17:21,828 - INFO - Validation Loss: 0.0758982278057374
2024-04-23 20:17:21,828 - INFO - Validation F1-score: 0.9760714285714286
2024-04-23 20:17:42,851 - INFO - Epoch 3/10
2024-04-23 20:17:42,851 - INFO - Train Loss: 0.05063251196895101
2024-04-23 20:17:42,851 - INFO - Validation Loss: 0.07462479344743769
2024-04-23 20:17:42,851 - INFO - Validation F1-score: 0.9783782907534692
2024-04-23 20:18:03,911 - INFO - Epoch 4/10
2024-04-23 20:18:03,911 - INFO - Train Loss: 0.04331111304650252
2024-04-23 20:18:03,911 - INFO - Validation Loss: 0.04045596816693433
2024-04-23 20:18:03,911 - INFO - Validation F1-score: 0.9851418570375831
2024-04-23 20:18:23,684 - INFO - Epoch 5/10
2024-04-23 20:18:23,684 - INFO - Train Loss: 0.026452118418556044
2024-04-23 20:18:23,685 - INFO - Validation Loss: 0.08221399979171111
2024-04-23 20:18:23,685 - INFO - Validation F1-score: 0.9828984695782007
2024-04-23 20:18:43,460 - INFO - Epoch 6/10
2024-04-23 20:18:43,460 - INFO - Train Loss: 0.017900526085567674
2024-04-23 20:18:43,460 - INFO - Validation Loss: 0.08498271982767619
2024-04-23 20:18:43,460 - INFO - Validation F1-score: 0.9760714285714286
2024-04-23 20:19:03,243 - INFO - Epoch 7/10
2024-04-23 20:19:03,243 - INFO - Train Loss: 0.00643364443287844
2024-04-23 20:19:03,243 - INFO - Validation Loss: 0.06701911837182706
2024-04-23 20:19:03,243 - INFO - Validation F1-score: 0.9828984695782007
2024-04-23 20:19:22,981 - INFO - Epoch 8/10
2024-04-23 20:19:22,981 - INFO - Train Loss: 0.00155223667037192
2024-04-23 20:19:22,981 - INFO - Validation Loss: 0.07349610641947947
2024-04-23 20:19:22,981 - INFO - Validation F1-score: 0.9828984695782007
2024-04-23 20:19:22,981 - INFO - Early stopping as validation loss didn't improve for 4 consecutive epochs.
2024-04-23 20:19:23,319 - INFO - 

************** Fine-tuning dmis-lab/biobert-v1.1 binary **************
2024-04-23 20:19:47,051 - INFO - Epoch 1/10
2024-04-23 20:19:47,051 - INFO - Train Loss: 0.2584016560420594
2024-04-23 20:19:47,051 - INFO - Validation Loss: 0.06026171419303864
2024-04-23 20:19:47,051 - INFO - Validation F1-score: 0.9851418570375831
2024-04-23 20:20:08,145 - INFO - Epoch 2/10
2024-04-23 20:20:08,145 - INFO - Train Loss: 0.055134503094279426
2024-04-23 20:20:08,145 - INFO - Validation Loss: 0.0573138830892276
2024-04-23 20:20:08,145 - INFO - Validation F1-score: 0.9780123180291155
2024-04-23 20:20:29,227 - INFO - Epoch 3/10
2024-04-23 20:20:29,227 - INFO - Train Loss: 0.02878069869459813
2024-04-23 20:20:29,227 - INFO - Validation Loss: 0.052193639094475656
2024-04-23 20:20:29,227 - INFO - Validation F1-score: 0.987675092394032
2024-04-23 20:20:49,022 - INFO - Epoch 4/10
2024-04-23 20:20:49,022 - INFO - Train Loss: 0.0033930351372867596
2024-04-23 20:20:49,022 - INFO - Validation Loss: 0.08680967256950681
2024-04-23 20:20:49,022 - INFO - Validation F1-score: 0.9828984695782007
2024-04-23 20:21:08,800 - INFO - Epoch 5/10
2024-04-23 20:21:08,801 - INFO - Train Loss: 0.00327706640807368
2024-04-23 20:21:08,801 - INFO - Validation Loss: 0.1167546964736539
2024-04-23 20:21:08,801 - INFO - Validation F1-score: 0.9805397727272728
2024-04-23 20:21:28,604 - INFO - Epoch 6/10
2024-04-23 20:21:28,604 - INFO - Train Loss: 0.004526257729814106
2024-04-23 20:21:28,604 - INFO - Validation Loss: 0.114756271764345
2024-04-23 20:21:28,604 - INFO - Validation F1-score: 0.9805397727272728
2024-04-23 20:21:48,408 - INFO - Epoch 7/10
2024-04-23 20:21:48,408 - INFO - Train Loss: 0.00027970765867143957
2024-04-23 20:21:48,408 - INFO - Validation Loss: 0.12325893771587289
2024-04-23 20:21:48,408 - INFO - Validation F1-score: 0.9781998357554517
2024-04-23 20:21:48,409 - INFO - Early stopping as validation loss didn't improve for 4 consecutive epochs.
2024-05-07 16:16:00,704 - INFO - 

************** Fine-tuning bert-base-uncased: binary **************
2024-05-07 16:24:38,241 - INFO - 

************** Fine-tuning bert-base-uncased: binary **************
2024-05-07 16:25:59,084 - INFO - 

************** Fine-tuning bert-base-uncased: binary **************
2024-05-07 16:27:19,943 - INFO - Epoch 1/10
2024-05-07 16:27:19,948 - INFO - Train Loss: 0.3227949905482055
2024-05-07 16:27:19,948 - INFO - Validation Loss: 0.10096900213037187
2024-05-07 16:27:19,948 - INFO - Validation F1-score: 0.9616702818864904
2024-05-07 16:28:34,545 - INFO - Epoch 2/10
2024-05-07 16:28:34,550 - INFO - Train Loss: 0.09233669453768549
2024-05-07 16:28:34,550 - INFO - Validation Loss: 0.09860325869304865
2024-05-07 16:28:34,550 - INFO - Validation F1-score: 0.9740052275325276
2024-05-07 16:29:49,939 - INFO - Epoch 3/10
2024-05-07 16:29:49,944 - INFO - Train Loss: 0.07010742151025551
2024-05-07 16:29:49,944 - INFO - Validation Loss: 0.10300224258150878
2024-05-07 16:29:49,945 - INFO - Validation F1-score: 0.9720764132448728
2024-05-07 16:31:06,226 - INFO - Epoch 4/10
2024-05-07 16:31:06,232 - INFO - Train Loss: 0.05028989887046698
2024-05-07 16:31:06,232 - INFO - Validation Loss: 0.11787341410596508
2024-05-07 16:31:06,232 - INFO - Validation F1-score: 0.9722193497539149
2024-05-07 16:32:22,985 - INFO - Epoch 5/10
2024-05-07 16:32:22,991 - INFO - Train Loss: 0.044708814067005255
2024-05-07 16:32:22,991 - INFO - Validation Loss: 0.12916924973685684
2024-05-07 16:32:22,991 - INFO - Validation F1-score: 0.9773584905660377
2024-05-07 16:33:40,415 - INFO - Epoch 6/10
2024-05-07 16:33:40,418 - INFO - Train Loss: 0.03314584838032412
2024-05-07 16:33:40,418 - INFO - Validation Loss: 0.07034429152706402
2024-05-07 16:33:40,418 - INFO - Validation F1-score: 0.9813354624050613
2024-05-07 16:34:57,558 - INFO - Epoch 7/10
2024-05-07 16:34:57,561 - INFO - Train Loss: 0.020019594598455693
2024-05-07 16:34:57,561 - INFO - Validation Loss: 0.07972112200622544
2024-05-07 16:34:57,561 - INFO - Validation F1-score: 0.9813354624050613
2024-05-07 16:36:14,680 - INFO - Epoch 8/10
2024-05-07 16:36:14,682 - INFO - Train Loss: 0.02075708919467
2024-05-07 16:36:14,682 - INFO - Validation Loss: 0.08792146054355414
2024-05-07 16:36:14,682 - INFO - Validation F1-score: 0.9759234364533929
2024-05-07 16:37:31,807 - INFO - Epoch 9/10
2024-05-07 16:37:31,809 - INFO - Train Loss: 0.00855766972969345
2024-05-07 16:37:31,809 - INFO - Validation Loss: 0.09266434579873944
2024-05-07 16:37:31,809 - INFO - Validation F1-score: 0.97952270304624
2024-05-07 16:38:49,031 - INFO - Epoch 10/10
2024-05-07 16:38:49,033 - INFO - Train Loss: 0.005962979589042729
2024-05-07 16:38:49,033 - INFO - Validation Loss: 0.09101560819067005
2024-05-07 16:38:49,033 - INFO - Validation F1-score: 0.9774825122818684
2024-05-07 16:38:49,033 - INFO - Early stopping as validation loss didn't improve for 4 consecutive epochs.
2024-05-07 16:38:49,339 - INFO - 

************** Fine-tuning microsoft/BiomedNLP-PubMedBERT-base-uncased-abstract-fulltext: binary **************
2024-05-07 16:40:09,512 - INFO - Epoch 1/10
2024-05-07 16:40:09,516 - INFO - Train Loss: 0.2228285883679149
2024-05-07 16:40:09,516 - INFO - Validation Loss: 0.06851491458547204
2024-05-07 16:40:09,517 - INFO - Validation F1-score: 0.9813354624050613
2024-05-07 16:41:26,730 - INFO - Epoch 2/10
2024-05-07 16:41:26,733 - INFO - Train Loss: 0.06214736265746519
2024-05-07 16:41:26,733 - INFO - Validation Loss: 0.05107403507477034
2024-05-07 16:41:26,733 - INFO - Validation F1-score: 0.9813354624050613
2024-05-07 16:42:43,585 - INFO - Epoch 3/10
2024-05-07 16:42:43,589 - INFO - Train Loss: 0.037437798093764504
2024-05-07 16:42:43,589 - INFO - Validation Loss: 0.07404801969367789
2024-05-07 16:42:43,589 - INFO - Validation F1-score: 0.9601195716130317
2024-05-07 16:44:00,544 - INFO - Epoch 4/10
2024-05-07 16:44:00,548 - INFO - Train Loss: 0.02127658133909478
2024-05-07 16:44:00,548 - INFO - Validation Loss: 0.07301762715588435
2024-05-07 16:44:00,548 - INFO - Validation F1-score: 0.9852208583531435
2024-05-07 16:45:17,571 - INFO - Epoch 5/10
2024-05-07 16:45:17,575 - INFO - Train Loss: 0.0051155738408190455
2024-05-07 16:45:17,575 - INFO - Validation Loss: 0.06424122867296074
2024-05-07 16:45:17,575 - INFO - Validation F1-score: 0.985068369924049
2024-05-07 16:46:34,609 - INFO - Epoch 6/10
2024-05-07 16:46:34,613 - INFO - Train Loss: 0.0006069767407483816
2024-05-07 16:46:34,613 - INFO - Validation Loss: 0.08859533882939254
2024-05-07 16:46:34,613 - INFO - Validation F1-score: 0.9833316098523489
2024-05-07 16:46:34,613 - INFO - Early stopping as validation loss didn't improve for 4 consecutive epochs.
2024-05-07 16:46:34,800 - INFO - 

************** Fine-tuning microsoft/BiomedNLP-BiomedBERT-base-uncased-abstract: binary **************
2024-05-07 16:47:55,000 - INFO - Epoch 1/10
2024-05-07 16:47:55,006 - INFO - Train Loss: 0.2365977837059722
2024-05-07 16:47:55,006 - INFO - Validation Loss: 0.05652411770833128
2024-05-07 16:47:55,006 - INFO - Validation F1-score: 0.9814323053803768
2024-05-07 16:49:11,744 - INFO - Epoch 2/10
2024-05-07 16:49:11,749 - INFO - Train Loss: 0.06168800203048511
2024-05-07 16:49:11,749 - INFO - Validation Loss: 0.06680060772107108
2024-05-07 16:49:11,749 - INFO - Validation F1-score: 0.9816168763102726
2024-05-07 16:50:28,863 - INFO - Epoch 3/10
2024-05-07 16:50:28,868 - INFO - Train Loss: 0.03828115011415458
2024-05-07 16:50:28,868 - INFO - Validation Loss: 0.05389699049870859
2024-05-07 16:50:28,868 - INFO - Validation F1-score: 0.9852208583531435
2024-05-07 16:51:45,556 - INFO - Epoch 4/10
2024-05-07 16:51:45,560 - INFO - Train Loss: 0.03570986623232573
2024-05-07 16:51:45,560 - INFO - Validation Loss: 0.06784322946688591
2024-05-07 16:51:45,560 - INFO - Validation F1-score: 0.9796275231528709
2024-05-07 16:53:02,357 - INFO - Epoch 5/10
2024-05-07 16:53:02,361 - INFO - Train Loss: 0.007701537754995786
2024-05-07 16:53:02,361 - INFO - Validation Loss: 0.13175149457772442
2024-05-07 16:53:02,361 - INFO - Validation F1-score: 0.9631823640186282
2024-05-07 16:54:19,241 - INFO - Epoch 6/10
2024-05-07 16:54:19,246 - INFO - Train Loss: 0.004480577436907245
2024-05-07 16:54:19,246 - INFO - Validation Loss: 0.0938608800933076
2024-05-07 16:54:19,246 - INFO - Validation F1-score: 0.9813354624050613
2024-05-07 16:55:36,113 - INFO - Epoch 7/10
2024-05-07 16:55:36,118 - INFO - Train Loss: 0.00056595022856573
2024-05-07 16:55:36,118 - INFO - Validation Loss: 0.10355601954235219
2024-05-07 16:55:36,118 - INFO - Validation F1-score: 0.97952270304624
2024-05-07 16:55:36,118 - INFO - Early stopping as validation loss didn't improve for 4 consecutive epochs.
2024-05-07 16:55:36,325 - INFO - 

************** Fine-tuning allenai/scibert_scivocab_uncased: binary **************
2024-05-07 16:56:56,980 - INFO - Epoch 1/10
2024-05-07 16:56:56,983 - INFO - Train Loss: 0.2083689106758825
2024-05-07 16:56:56,983 - INFO - Validation Loss: 0.12196412792345926
2024-05-07 16:56:56,983 - INFO - Validation F1-score: 0.9712874772017023
2024-05-07 16:58:14,063 - INFO - Epoch 2/10
2024-05-07 16:58:14,066 - INFO - Train Loss: 0.07408736828647582
2024-05-07 16:58:14,066 - INFO - Validation Loss: 0.09893165224356883
2024-05-07 16:58:14,066 - INFO - Validation F1-score: 0.9798273196242501
2024-05-07 16:59:30,775 - INFO - Epoch 3/10
2024-05-07 16:59:30,778 - INFO - Train Loss: 0.05273298289823214
2024-05-07 16:59:30,778 - INFO - Validation Loss: 0.15019202077936783
2024-05-07 16:59:30,778 - INFO - Validation F1-score: 0.9716186738506349
2024-05-07 17:00:47,506 - INFO - Epoch 4/10
2024-05-07 17:00:47,508 - INFO - Train Loss: 0.029495044015353838
2024-05-07 17:00:47,508 - INFO - Validation Loss: 0.11975584552039517
2024-05-07 17:00:47,509 - INFO - Validation F1-score: 0.9773584905660377
2024-05-07 17:02:04,668 - INFO - Epoch 5/10
2024-05-07 17:02:04,672 - INFO - Train Loss: 0.05439808423603847
2024-05-07 17:02:04,672 - INFO - Validation Loss: 0.056029441792504
2024-05-07 17:02:04,672 - INFO - Validation F1-score: 0.9741365021180012
2024-05-07 17:03:21,457 - INFO - Epoch 6/10
2024-05-07 17:03:21,461 - INFO - Train Loss: 0.01780292181376923
2024-05-07 17:03:21,461 - INFO - Validation Loss: 0.07448914680767234
2024-05-07 17:03:21,461 - INFO - Validation F1-score: 0.9811320754716981
2024-05-07 17:04:38,289 - INFO - Epoch 7/10
2024-05-07 17:04:38,292 - INFO - Train Loss: 0.003306171955744209
2024-05-07 17:04:38,292 - INFO - Validation Loss: 0.10729489154803545
2024-05-07 17:04:38,292 - INFO - Validation F1-score: 0.9760433899440873
2024-05-07 17:05:55,086 - INFO - Epoch 8/10
2024-05-07 17:05:55,089 - INFO - Train Loss: 0.0024366941090762577
2024-05-07 17:05:55,089 - INFO - Validation Loss: 0.10809898476764462
2024-05-07 17:05:55,089 - INFO - Validation F1-score: 0.9757995581455563
2024-05-07 17:07:11,897 - INFO - Epoch 9/10
2024-05-07 17:07:11,900 - INFO - Train Loss: 0.00036721002959324087
2024-05-07 17:07:11,900 - INFO - Validation Loss: 0.11051407652240726
2024-05-07 17:07:11,900 - INFO - Validation F1-score: 0.9757995581455563
2024-05-07 17:07:11,900 - INFO - Early stopping as validation loss didn't improve for 4 consecutive epochs.
2024-05-07 17:07:12,082 - INFO - 

************** Fine-tuning dmis-lab/biobert-v1.1: binary **************
2024-05-07 17:08:32,003 - INFO - Epoch 1/10
2024-05-07 17:08:32,007 - INFO - Train Loss: 0.2342365769836393
2024-05-07 17:08:32,007 - INFO - Validation Loss: 0.051683640847705416
2024-05-07 17:08:32,007 - INFO - Validation F1-score: 0.9832458479469238
2024-05-07 17:09:48,795 - INFO - Epoch 2/10
2024-05-07 17:09:48,799 - INFO - Train Loss: 0.06227521719516848
2024-05-07 17:09:48,799 - INFO - Validation Loss: 0.06925871919791923
2024-05-07 17:09:48,799 - INFO - Validation F1-score: 0.9815260729414295
2024-05-07 17:11:05,592 - INFO - Epoch 3/10
2024-05-07 17:11:05,595 - INFO - Train Loss: 0.020586837497022416
2024-05-07 17:11:05,595 - INFO - Validation Loss: 0.05209413148009274
2024-05-07 17:11:05,596 - INFO - Validation F1-score: 0.9832458479469238
2024-05-07 17:12:22,471 - INFO - Epoch 4/10
2024-05-07 17:12:22,479 - INFO - Train Loss: 0.004254557805563879
2024-05-07 17:12:22,479 - INFO - Validation Loss: 0.07220758187954675
2024-05-07 17:12:22,479 - INFO - Validation F1-score: 0.9831572661516605
2024-05-07 17:13:39,350 - INFO - Epoch 5/10
2024-05-07 17:13:39,353 - INFO - Train Loss: 0.012169135412385904
2024-05-07 17:13:39,353 - INFO - Validation Loss: 0.09053609024541306
2024-05-07 17:13:39,353 - INFO - Validation F1-score: 0.9811320754716981
2024-05-07 17:13:39,353 - INFO - Early stopping as validation loss didn't improve for 4 consecutive epochs.
2024-05-07 17:13:39,569 - INFO - 

************** Fine-tuning michiyasunaga/BioLinkBERT-base: binary **************
2024-05-07 17:15:01,963 - INFO - Epoch 1/10
2024-05-07 17:15:01,973 - INFO - Train Loss: 0.26179914170114155
2024-05-07 17:15:01,973 - INFO - Validation Loss: 0.07570301538416699
2024-05-07 17:15:01,973 - INFO - Validation F1-score: 0.9735849056603774
2024-05-07 17:16:18,765 - INFO - Epoch 2/10
2024-05-07 17:16:18,768 - INFO - Train Loss: 0.048017634933748554
2024-05-07 17:16:18,768 - INFO - Validation Loss: 0.06382917107166305
2024-05-07 17:16:18,768 - INFO - Validation F1-score: 0.9834146545766758
2024-05-07 17:17:35,712 - INFO - Epoch 3/10
2024-05-07 17:17:35,715 - INFO - Train Loss: 0.03577224141300769
2024-05-07 17:17:35,715 - INFO - Validation Loss: 0.05965782336824671
2024-05-07 17:17:35,715 - INFO - Validation F1-score: 0.9816168763102726
2024-05-07 17:18:52,157 - INFO - Epoch 4/10
2024-05-07 17:18:52,160 - INFO - Train Loss: 0.023832904004710585
2024-05-07 17:18:52,160 - INFO - Validation Loss: 0.08661220982712485
2024-05-07 17:18:52,160 - INFO - Validation F1-score: 0.9814323053803768
2024-05-07 17:20:08,682 - INFO - Epoch 5/10
2024-05-07 17:20:08,685 - INFO - Train Loss: 0.01582369312947978
2024-05-07 17:20:08,685 - INFO - Validation Loss: 0.11597461510387097
2024-05-07 17:20:08,685 - INFO - Validation F1-score: 0.9737295976621797
2024-05-07 17:21:25,304 - INFO - Epoch 6/10
2024-05-07 17:21:25,307 - INFO - Train Loss: 0.010989936393058878
2024-05-07 17:21:25,307 - INFO - Validation Loss: 0.12091592892286812
2024-05-07 17:21:25,307 - INFO - Validation F1-score: 0.9737295976621797
2024-05-07 17:22:41,947 - INFO - Epoch 7/10
2024-05-07 17:22:41,950 - INFO - Train Loss: 0.008667202672281426
2024-05-07 17:22:41,951 - INFO - Validation Loss: 0.11191322219622349
2024-05-07 17:22:41,951 - INFO - Validation F1-score: 0.9738696473670858
2024-05-07 17:22:41,951 - INFO - Early stopping as validation loss didn't improve for 4 consecutive epochs.
2024-05-07 17:22:42,146 - INFO - 

************** Fine-tuning sultan/BioM-BERT-PubMed-PMC-Large: binary **************
2024-05-07 17:29:08,644 - INFO - Epoch 1/10
2024-05-07 17:29:09,208 - INFO - Train Loss: 0.45541167586590303
2024-05-07 17:29:09,208 - INFO - Validation Loss: 0.43514247271996825
2024-05-07 17:29:09,208 - INFO - Validation F1-score: 0.7931232640551671
2024-05-07 17:33:21,762 - INFO - Epoch 2/10
2024-05-07 17:33:21,777 - INFO - Train Loss: 0.43771956322921646
2024-05-07 17:33:21,777 - INFO - Validation Loss: 0.44876405574492556
2024-05-07 17:33:21,777 - INFO - Validation F1-score: 0.7931232640551671
2024-05-07 17:37:35,472 - INFO - Epoch 3/10
2024-05-07 17:37:35,474 - INFO - Train Loss: 0.4285343803201962
2024-05-07 17:37:35,474 - INFO - Validation Loss: 0.40574317659015086
2024-05-07 17:37:35,474 - INFO - Validation F1-score: 0.7931232640551671
2024-05-07 17:41:47,960 - INFO - Epoch 4/10
2024-05-07 17:41:47,964 - INFO - Train Loss: 0.4221753626685552
2024-05-07 17:41:47,964 - INFO - Validation Loss: 0.4080866355059752
2024-05-07 17:41:47,964 - INFO - Validation F1-score: 0.7931232640551671
2024-05-07 17:46:00,468 - INFO - Epoch 5/10
2024-05-07 17:46:00,471 - INFO - Train Loss: 0.4221216982813797
2024-05-07 17:46:00,472 - INFO - Validation Loss: 0.41350454514596
2024-05-07 17:46:00,472 - INFO - Validation F1-score: 0.7931232640551671
2024-05-07 17:47:08,358 - INFO - 

************** Fine-tuning emilyalsentzer/Bio_ClinicalBERT: binary **************
2024-05-07 17:48:33,388 - INFO - Epoch 1/10
2024-05-07 17:48:33,393 - INFO - Train Loss: 0.3636192248986018
2024-05-07 17:48:33,393 - INFO - Validation Loss: 0.11669964732171328
2024-05-07 17:48:33,393 - INFO - Validation F1-score: 0.9662237684228026
2024-05-07 17:49:49,096 - INFO - Epoch 2/10
2024-05-07 17:49:49,099 - INFO - Train Loss: 0.10294519423335471
2024-05-07 17:49:49,099 - INFO - Validation Loss: 0.10446699683158311
2024-05-07 17:49:49,099 - INFO - Validation F1-score: 0.9646301234435055
2024-05-07 17:51:04,982 - INFO - Epoch 3/10
2024-05-07 17:51:04,986 - INFO - Train Loss: 0.10127968037197592
2024-05-07 17:51:04,986 - INFO - Validation Loss: 0.10711621969013906
2024-05-07 17:51:04,986 - INFO - Validation F1-score: 0.9688240394192955
2024-05-07 17:52:21,241 - INFO - Epoch 4/10
2024-05-07 17:52:21,243 - INFO - Train Loss: 0.09751722627896181
2024-05-07 17:52:21,243 - INFO - Validation Loss: 0.10645860546171221
2024-05-07 17:52:21,243 - INFO - Validation F1-score: 0.9683532683441892
2024-05-07 17:53:37,915 - INFO - Epoch 5/10
2024-05-07 17:53:37,918 - INFO - Train Loss: 0.07005879408406503
2024-05-07 17:53:37,918 - INFO - Validation Loss: 0.11666034713496955
2024-05-07 17:53:37,918 - INFO - Validation F1-score: 0.9738696473670858
2024-05-07 17:54:54,515 - INFO - Epoch 6/10
2024-05-07 17:54:54,518 - INFO - Train Loss: 0.10240332946543479
2024-05-07 17:54:54,518 - INFO - Validation Loss: 0.1754378281757861
2024-05-07 17:54:54,518 - INFO - Validation F1-score: 0.9558805031446541
2024-05-07 17:54:54,518 - INFO - Early stopping as validation loss didn't improve for 4 consecutive epochs.
