2024-04-23 20:42:24,333 - INFO - 

************** Fine-tuning bert-base-uncased multi **************
2024-04-23 20:42:49,200 - INFO - Epoch 1/10
2024-04-23 20:42:49,200 - INFO - Train Loss: 1.929389948412876
2024-04-23 20:42:49,200 - INFO - Validation Loss: 1.2975847017765045
2024-04-23 20:42:49,200 - INFO - Validation F1-score: 0.6102698668408358
2024-04-23 20:43:10,141 - INFO - Epoch 2/10
2024-04-23 20:43:10,152 - INFO - Train Loss: 0.9634872650940146
2024-04-23 20:43:10,152 - INFO - Validation Loss: 0.8065620470046997
2024-04-23 20:43:10,152 - INFO - Validation F1-score: 0.7141898431408262
2024-04-23 20:43:31,060 - INFO - Epoch 3/10
2024-04-23 20:43:31,060 - INFO - Train Loss: 0.4803794493661231
2024-04-23 20:43:31,061 - INFO - Validation Loss: 0.7964287874102592
2024-04-23 20:43:31,061 - INFO - Validation F1-score: 0.7367686126037246
2024-04-23 20:43:50,712 - INFO - Epoch 4/10
2024-04-23 20:43:50,712 - INFO - Train Loss: 0.2545208888965965
2024-04-23 20:43:50,712 - INFO - Validation Loss: 0.8306313138268888
2024-04-23 20:43:50,712 - INFO - Validation F1-score: 0.7522371328983124
2024-04-23 20:44:13,222 - INFO - Epoch 5/10
2024-04-23 20:44:13,222 - INFO - Train Loss: 0.1410155471339322
2024-04-23 20:44:13,222 - INFO - Validation Loss: 0.7931324656214565
2024-04-23 20:44:13,222 - INFO - Validation F1-score: 0.7845977878862667
2024-04-23 20:44:32,948 - INFO - Epoch 6/10
2024-04-23 20:44:32,948 - INFO - Train Loss: 0.07982647719936783
2024-04-23 20:44:32,948 - INFO - Validation Loss: 0.8088972696755081
2024-04-23 20:44:32,948 - INFO - Validation F1-score: 0.7946708847132997
2024-04-23 20:44:52,665 - INFO - Epoch 7/10
2024-04-23 20:44:52,666 - INFO - Train Loss: 0.046818589041597095
2024-04-23 20:44:52,666 - INFO - Validation Loss: 0.8477543482603506
2024-04-23 20:44:52,666 - INFO - Validation F1-score: 0.778276710552015
2024-04-23 20:45:12,394 - INFO - Epoch 8/10
2024-04-23 20:45:12,394 - INFO - Train Loss: 0.033738131802091564
2024-04-23 20:45:12,394 - INFO - Validation Loss: 0.8462278394121676
2024-04-23 20:45:12,394 - INFO - Validation F1-score: 0.7919831686615726
2024-04-23 20:45:32,108 - INFO - Epoch 9/10
2024-04-23 20:45:32,108 - INFO - Train Loss: 0.026391753245570117
2024-04-23 20:45:32,108 - INFO - Validation Loss: 0.8551756425388157
2024-04-23 20:45:32,108 - INFO - Validation F1-score: 0.7991323322942967
2024-04-23 20:45:32,108 - INFO - Early stopping as validation loss didn't improve for 4 consecutive epochs.
2024-04-23 20:48:59,617 - INFO - 

************** Fine-tuning bert-base-uncased multi **************
2024-04-23 20:49:24,149 - INFO - Epoch 1/10
2024-04-23 20:49:24,149 - INFO - Train Loss: 2.0399617028716426
2024-04-23 20:49:24,149 - INFO - Validation Loss: 1.3759184104204178
2024-04-23 20:49:24,149 - INFO - Validation F1-score: 0.5207607667378517
2024-04-23 20:49:45,133 - INFO - Epoch 2/10
2024-04-23 20:49:45,133 - INFO - Train Loss: 1.0399425291775057
2024-04-23 20:49:45,133 - INFO - Validation Loss: 0.9265654230117798
2024-04-23 20:49:45,133 - INFO - Validation F1-score: 0.6959263805836778
2024-04-23 20:50:06,139 - INFO - Epoch 3/10
2024-04-23 20:50:06,139 - INFO - Train Loss: 0.5604138160811974
2024-04-23 20:50:06,139 - INFO - Validation Loss: 0.8847494874149561
2024-04-23 20:50:06,139 - INFO - Validation F1-score: 0.7102378409627298
2024-04-23 20:50:27,057 - INFO - Epoch 4/10
2024-04-23 20:50:27,057 - INFO - Train Loss: 0.3378642623206513
2024-04-23 20:50:27,057 - INFO - Validation Loss: 0.7927645439468324
2024-04-23 20:50:27,057 - INFO - Validation F1-score: 0.7648261656374619
2024-04-23 20:50:47,988 - INFO - Epoch 5/10
2024-04-23 20:50:47,988 - INFO - Train Loss: 0.17231990545738063
2024-04-23 20:50:47,988 - INFO - Validation Loss: 0.7315796671435237
2024-04-23 20:50:47,988 - INFO - Validation F1-score: 0.7743671166621514
2024-04-23 20:51:07,671 - INFO - Epoch 6/10
2024-04-23 20:51:07,671 - INFO - Train Loss: 0.0906661565309303
2024-04-23 20:51:07,671 - INFO - Validation Loss: 0.8045572772994638
2024-04-23 20:51:07,671 - INFO - Validation F1-score: 0.7855870402769547
2024-04-23 20:51:27,357 - INFO - Epoch 7/10
2024-04-23 20:51:27,357 - INFO - Train Loss: 0.055358188064306375
2024-04-23 20:51:27,358 - INFO - Validation Loss: 0.7669197605270892
2024-04-23 20:51:27,358 - INFO - Validation F1-score: 0.7893087490534407
2024-04-23 20:51:47,049 - INFO - Epoch 8/10
2024-04-23 20:51:47,049 - INFO - Train Loss: 0.039223097224138526
2024-04-23 20:51:47,049 - INFO - Validation Loss: 0.7961438030004502
2024-04-23 20:51:47,049 - INFO - Validation F1-score: 0.777390362207592
2024-04-23 20:52:06,778 - INFO - Epoch 9/10
2024-04-23 20:52:06,778 - INFO - Train Loss: 0.03103810755673471
2024-04-23 20:52:06,778 - INFO - Validation Loss: 0.8054997479729354
2024-04-23 20:52:06,778 - INFO - Validation F1-score: 0.7831993011334939
2024-04-23 20:52:06,778 - INFO - Early stopping as validation loss didn't improve for 4 consecutive epochs.
2024-04-23 20:52:07,067 - INFO - 

************** Fine-tuning microsoft/BiomedNLP-PubMedBERT-base-uncased-abstract-fulltext multi **************
2024-04-23 20:52:30,796 - INFO - Epoch 1/10
2024-04-23 20:52:30,796 - INFO - Train Loss: 1.6372936261980326
2024-04-23 20:52:30,797 - INFO - Validation Loss: 0.9871886701136827
2024-04-23 20:52:30,797 - INFO - Validation F1-score: 0.6155222449412073
2024-04-23 20:52:51,896 - INFO - Epoch 2/10
2024-04-23 20:52:51,905 - INFO - Train Loss: 0.6968200448775451
2024-04-23 20:52:51,905 - INFO - Validation Loss: 0.5149871992319822
2024-04-23 20:52:51,905 - INFO - Validation F1-score: 0.8399875038712631
2024-04-23 20:53:11,620 - INFO - Epoch 3/10
2024-04-23 20:53:11,620 - INFO - Train Loss: 0.3069963661466269
2024-04-23 20:53:11,620 - INFO - Validation Loss: 0.6091781854815781
2024-04-23 20:53:11,620 - INFO - Validation F1-score: 0.8052591965188937
2024-04-23 20:53:31,350 - INFO - Epoch 4/10
2024-04-23 20:53:31,350 - INFO - Train Loss: 0.1658516332707149
2024-04-23 20:53:31,350 - INFO - Validation Loss: 0.5838453318551182
2024-04-23 20:53:31,350 - INFO - Validation F1-score: 0.8183484336499924
2024-04-23 20:53:51,061 - INFO - Epoch 5/10
2024-04-23 20:53:51,061 - INFO - Train Loss: 0.09423080181715472
2024-04-23 20:53:51,061 - INFO - Validation Loss: 0.5925931269302964
2024-04-23 20:53:51,061 - INFO - Validation F1-score: 0.8394563935895684
2024-04-23 20:54:10,797 - INFO - Epoch 6/10
2024-04-23 20:54:10,807 - INFO - Train Loss: 0.04969514551378736
2024-04-23 20:54:10,807 - INFO - Validation Loss: 0.6197873861715197
2024-04-23 20:54:10,807 - INFO - Validation F1-score: 0.8354150821963056
2024-04-23 20:54:10,807 - INFO - Early stopping as validation loss didn't improve for 4 consecutive epochs.
2024-04-23 20:54:11,070 - INFO - 

************** Fine-tuning microsoft/BiomedNLP-BiomedBERT-base-uncased-abstract multi **************
2024-04-23 20:54:34,543 - INFO - Epoch 1/10
2024-04-23 20:54:34,544 - INFO - Train Loss: 1.6048800359236315
2024-04-23 20:54:34,544 - INFO - Validation Loss: 0.8974627378582954
2024-04-23 20:54:34,544 - INFO - Validation F1-score: 0.6781363414543202
2024-04-23 20:54:55,651 - INFO - Epoch 2/10
2024-04-23 20:54:55,651 - INFO - Train Loss: 0.6956460109893108
2024-04-23 20:54:55,651 - INFO - Validation Loss: 0.7312255929410457
2024-04-23 20:54:55,651 - INFO - Validation F1-score: 0.7555725586403771
2024-04-23 20:55:16,789 - INFO - Epoch 3/10
2024-04-23 20:55:16,789 - INFO - Train Loss: 0.4071026034903206
2024-04-23 20:55:16,789 - INFO - Validation Loss: 0.6100168591365218
2024-04-23 20:55:16,789 - INFO - Validation F1-score: 0.8073454026832816
2024-04-23 20:55:37,826 - INFO - Epoch 4/10
2024-04-23 20:55:37,826 - INFO - Train Loss: 0.16616601541938397
2024-04-23 20:55:37,826 - INFO - Validation Loss: 0.558924373453483
2024-04-23 20:55:37,826 - INFO - Validation F1-score: 0.8449774227746034
2024-04-23 20:55:57,583 - INFO - Epoch 5/10
2024-04-23 20:55:57,583 - INFO - Train Loss: 0.06606235917057567
2024-04-23 20:55:57,583 - INFO - Validation Loss: 0.597828026120551
2024-04-23 20:55:57,583 - INFO - Validation F1-score: 0.8430229952438072
2024-04-23 20:56:17,336 - INFO - Epoch 6/10
2024-04-23 20:56:17,336 - INFO - Train Loss: 0.04125316624198384
2024-04-23 20:56:17,336 - INFO - Validation Loss: 0.6232881360175088
2024-04-23 20:56:17,336 - INFO - Validation F1-score: 0.8477342649054761
2024-04-23 20:56:37,106 - INFO - Epoch 7/10
2024-04-23 20:56:37,106 - INFO - Train Loss: 0.025664219992147796
2024-04-23 20:56:37,106 - INFO - Validation Loss: 0.6157280208542943
2024-04-23 20:56:37,106 - INFO - Validation F1-score: 0.8499231199002992
2024-04-23 20:56:56,891 - INFO - Epoch 8/10
2024-04-23 20:56:56,891 - INFO - Train Loss: 0.01623131774815937
2024-04-23 20:56:56,891 - INFO - Validation Loss: 0.633705562222749
2024-04-23 20:56:56,891 - INFO - Validation F1-score: 0.8499267661493594
2024-04-23 20:56:56,891 - INFO - Early stopping as validation loss didn't improve for 4 consecutive epochs.
2024-04-23 20:56:57,178 - INFO - 

************** Fine-tuning allenai/scibert_scivocab_uncased multi **************
2024-04-23 20:57:21,067 - INFO - Epoch 1/10
2024-04-23 20:57:21,067 - INFO - Train Loss: 1.633171221753895
2024-04-23 20:57:21,067 - INFO - Validation Loss: 1.1059557265043258
2024-04-23 20:57:21,067 - INFO - Validation F1-score: 0.5888925349796125
2024-04-23 20:57:42,126 - INFO - Epoch 2/10
2024-04-23 20:57:42,127 - INFO - Train Loss: 0.7469348839465404
2024-04-23 20:57:42,127 - INFO - Validation Loss: 0.6265106681361794
2024-04-23 20:57:42,127 - INFO - Validation F1-score: 0.795868710490535
2024-04-23 20:58:01,923 - INFO - Epoch 3/10
2024-04-23 20:58:01,923 - INFO - Train Loss: 0.36869676092377046
2024-04-23 20:58:01,923 - INFO - Validation Loss: 0.6846996057033539
2024-04-23 20:58:01,923 - INFO - Validation F1-score: 0.7804713783785694
2024-04-23 20:58:21,706 - INFO - Epoch 4/10
2024-04-23 20:58:21,706 - INFO - Train Loss: 0.19252363814903586
2024-04-23 20:58:21,706 - INFO - Validation Loss: 0.7737880983762443
2024-04-23 20:58:21,706 - INFO - Validation F1-score: 0.7667687954582907
2024-04-23 20:58:41,493 - INFO - Epoch 5/10
2024-04-23 20:58:41,494 - INFO - Train Loss: 0.08324865248341788
2024-04-23 20:58:41,494 - INFO - Validation Loss: 0.6460734321409837
2024-04-23 20:58:41,494 - INFO - Validation F1-score: 0.8425148716261147
2024-04-23 20:59:02,520 - INFO - Epoch 6/10
2024-04-23 20:59:02,520 - INFO - Train Loss: 0.03454418180372891
2024-04-23 20:59:02,520 - INFO - Validation Loss: 0.6225530113419517
2024-04-23 20:59:02,520 - INFO - Validation F1-score: 0.830716501163158
2024-04-23 20:59:22,310 - INFO - Epoch 7/10
2024-04-23 20:59:22,310 - INFO - Train Loss: 0.01859896601140249
2024-04-23 20:59:22,310 - INFO - Validation Loss: 0.6497160696494393
2024-04-23 20:59:22,310 - INFO - Validation F1-score: 0.8435312933893886
2024-04-23 20:59:42,062 - INFO - Epoch 8/10
2024-04-23 20:59:42,063 - INFO - Train Loss: 0.012960111255126212
2024-04-23 20:59:42,063 - INFO - Validation Loss: 0.6633382092160173
2024-04-23 20:59:42,063 - INFO - Validation F1-score: 0.8433983693888615
2024-04-23 21:00:01,854 - INFO - Epoch 9/10
2024-04-23 21:00:01,854 - INFO - Train Loss: 0.011284209015910457
2024-04-23 21:00:01,854 - INFO - Validation Loss: 0.6716338589205406
2024-04-23 21:00:01,854 - INFO - Validation F1-score: 0.8433983693888615
2024-04-23 21:00:21,641 - INFO - Epoch 10/10
2024-04-23 21:00:21,641 - INFO - Train Loss: 0.010268855360242845
2024-04-23 21:00:21,641 - INFO - Validation Loss: 0.6761613357882016
2024-04-23 21:00:21,641 - INFO - Validation F1-score: 0.8436163506028465
2024-04-23 21:00:21,641 - INFO - Early stopping as validation loss didn't improve for 4 consecutive epochs.
2024-04-23 21:00:21,911 - INFO - 

************** Fine-tuning dmis-lab/biobert-v1.1 multi **************
2024-04-23 21:00:45,348 - INFO - Epoch 1/10
2024-04-23 21:00:45,348 - INFO - Train Loss: 1.8826696614691074
2024-04-23 21:00:45,348 - INFO - Validation Loss: 1.0040939766168595
2024-04-23 21:00:45,348 - INFO - Validation F1-score: 0.6505704091897694
2024-04-23 21:01:06,340 - INFO - Epoch 2/10
2024-04-23 21:01:06,349 - INFO - Train Loss: 0.6864421514156681
2024-04-23 21:01:06,349 - INFO - Validation Loss: 0.6552418430894613
2024-04-23 21:01:06,349 - INFO - Validation F1-score: 0.8078847236573311
2024-04-23 21:01:27,309 - INFO - Epoch 3/10
2024-04-23 21:01:27,309 - INFO - Train Loss: 0.3102846051622557
2024-04-23 21:01:27,309 - INFO - Validation Loss: 0.5655905938893556
2024-04-23 21:01:27,310 - INFO - Validation F1-score: 0.8308191577433276
2024-04-23 21:01:47,083 - INFO - Epoch 4/10
2024-04-23 21:01:47,084 - INFO - Train Loss: 0.1618135765619926
2024-04-23 21:01:47,084 - INFO - Validation Loss: 0.5938807648699731
2024-04-23 21:01:47,084 - INFO - Validation F1-score: 0.8140572596058213
2024-04-23 21:02:06,844 - INFO - Epoch 5/10
2024-04-23 21:02:06,845 - INFO - Train Loss: 0.06673837169979843
2024-04-23 21:02:06,845 - INFO - Validation Loss: 0.612518407125026
2024-04-23 21:02:06,845 - INFO - Validation F1-score: 0.842270631271104
2024-04-23 21:02:26,613 - INFO - Epoch 6/10
2024-04-23 21:02:26,613 - INFO - Train Loss: 0.03589086859305733
2024-04-23 21:02:26,613 - INFO - Validation Loss: 0.6992655016621575
2024-04-23 21:02:26,613 - INFO - Validation F1-score: 0.8362011465714357
2024-04-23 21:02:46,389 - INFO - Epoch 7/10
2024-04-23 21:02:46,389 - INFO - Train Loss: 0.030409671888130423
2024-04-23 21:02:46,389 - INFO - Validation Loss: 0.7225869327224791
2024-04-23 21:02:46,389 - INFO - Validation F1-score: 0.8404174625171577
2024-04-23 21:02:46,389 - INFO - Early stopping as validation loss didn't improve for 4 consecutive epochs.
2024-05-14 15:02:02,279 - INFO - 

************** Fine-tuning bert-base-uncased: multi **************
2024-05-14 15:03:24,170 - INFO - Epoch 1/10
2024-05-14 15:03:24,176 - INFO - Train Loss: 2.0986933927945417
2024-05-14 15:03:24,176 - INFO - Validation Loss: 1.2870794812689965
2024-05-14 15:03:24,176 - INFO - Validation F1-score: 0.5180657361455133
2024-05-14 15:04:43,302 - INFO - Epoch 2/10
2024-05-14 15:04:43,307 - INFO - Train Loss: 1.0061129462538343
2024-05-14 15:04:43,307 - INFO - Validation Loss: 0.904833047136442
2024-05-14 15:04:43,307 - INFO - Validation F1-score: 0.6765527425804915
2024-05-14 15:06:03,614 - INFO - Epoch 3/10
2024-05-14 15:06:03,616 - INFO - Train Loss: 0.5240616028131259
2024-05-14 15:06:03,616 - INFO - Validation Loss: 0.6147563838358245
2024-05-14 15:06:03,617 - INFO - Validation F1-score: 0.8180120058466442
2024-05-14 15:07:24,967 - INFO - Epoch 4/10
2024-05-14 15:07:24,971 - INFO - Train Loss: 0.2581011184839287
2024-05-14 15:07:24,971 - INFO - Validation Loss: 0.6065186589066662
2024-05-14 15:07:24,972 - INFO - Validation F1-score: 0.8267621329390351
2024-05-14 15:08:46,066 - INFO - Epoch 5/10
2024-05-14 15:08:46,073 - INFO - Train Loss: 0.10320525670028997
2024-05-14 15:08:46,073 - INFO - Validation Loss: 0.6381575566952797
2024-05-14 15:08:46,073 - INFO - Validation F1-score: 0.8245069495893951
2024-05-14 15:10:07,495 - INFO - Epoch 6/10
2024-05-14 15:10:07,499 - INFO - Train Loss: 0.05047537654055038
2024-05-14 15:10:07,499 - INFO - Validation Loss: 0.6261683717759242
2024-05-14 15:10:07,499 - INFO - Validation F1-score: 0.8313568569622961
2024-05-14 15:11:28,854 - INFO - Epoch 7/10
2024-05-14 15:11:28,859 - INFO - Train Loss: 0.0306149738878388
2024-05-14 15:11:28,859 - INFO - Validation Loss: 0.6581235190283563
2024-05-14 15:11:28,859 - INFO - Validation F1-score: 0.8201404884345538
2024-05-14 15:12:50,343 - INFO - Epoch 8/10
2024-05-14 15:12:50,350 - INFO - Train Loss: 0.020043774830139797
2024-05-14 15:12:50,350 - INFO - Validation Loss: 0.656142736913692
2024-05-14 15:12:50,350 - INFO - Validation F1-score: 0.8298931127098084
2024-05-14 15:12:50,350 - INFO - Early stopping as validation loss didn't improve for 4 consecutive epochs.
2024-05-14 15:12:50,600 - INFO - 

************** Fine-tuning microsoft/BiomedNLP-PubMedBERT-base-uncased-abstract-fulltext: multi **************
2024-05-14 15:14:14,614 - INFO - Epoch 1/10
2024-05-14 15:14:14,616 - INFO - Train Loss: 1.7638031217184933
2024-05-14 15:14:14,616 - INFO - Validation Loss: 0.8532105805491333
2024-05-14 15:14:14,616 - INFO - Validation F1-score: 0.739317585214471
2024-05-14 15:15:36,107 - INFO - Epoch 2/10
2024-05-14 15:15:36,112 - INFO - Train Loss: 0.6540675662984752
2024-05-14 15:15:36,112 - INFO - Validation Loss: 0.587868298000809
2024-05-14 15:15:36,112 - INFO - Validation F1-score: 0.8362571192613202
2024-05-14 15:16:57,236 - INFO - Epoch 3/10
2024-05-14 15:16:57,241 - INFO - Train Loss: 0.317974862162814
2024-05-14 15:16:57,241 - INFO - Validation Loss: 0.7065818246954413
2024-05-14 15:16:57,241 - INFO - Validation F1-score: 0.825974892022699
2024-05-14 15:18:18,786 - INFO - Epoch 4/10
2024-05-14 15:18:18,790 - INFO - Train Loss: 0.15742493002214517
2024-05-14 15:18:18,790 - INFO - Validation Loss: 0.521523182586169
2024-05-14 15:18:18,790 - INFO - Validation F1-score: 0.8672874190211871
2024-05-14 15:19:40,308 - INFO - Epoch 5/10
2024-05-14 15:19:40,312 - INFO - Train Loss: 0.0769075952103418
2024-05-14 15:19:40,312 - INFO - Validation Loss: 0.5053861339284635
2024-05-14 15:19:40,312 - INFO - Validation F1-score: 0.8808565022484848
2024-05-14 15:21:01,200 - INFO - Epoch 6/10
2024-05-14 15:21:01,208 - INFO - Train Loss: 0.03975346864135278
2024-05-14 15:21:01,208 - INFO - Validation Loss: 0.5579061821005794
2024-05-14 15:21:01,208 - INFO - Validation F1-score: 0.8659505782831174
2024-05-14 15:22:22,323 - INFO - Epoch 7/10
2024-05-14 15:22:22,328 - INFO - Train Loss: 0.023265172741516973
2024-05-14 15:22:22,328 - INFO - Validation Loss: 0.5246701305662629
2024-05-14 15:22:22,328 - INFO - Validation F1-score: 0.8831586198123499
2024-05-14 15:23:43,380 - INFO - Epoch 8/10
2024-05-14 15:23:43,390 - INFO - Train Loss: 0.016032701988488135
2024-05-14 15:23:43,390 - INFO - Validation Loss: 0.542761176424935
2024-05-14 15:23:43,390 - INFO - Validation F1-score: 0.8850724356295193
2024-05-14 15:25:04,548 - INFO - Epoch 9/10
2024-05-14 15:25:04,552 - INFO - Train Loss: 0.012738089521669528
2024-05-14 15:25:04,552 - INFO - Validation Loss: 0.5587573965677797
2024-05-14 15:25:04,552 - INFO - Validation F1-score: 0.8790466089650186
2024-05-14 15:25:04,552 - INFO - Early stopping as validation loss didn't improve for 4 consecutive epochs.
2024-05-14 15:25:04,772 - INFO - 

************** Fine-tuning microsoft/BiomedNLP-BiomedBERT-base-uncased-abstract: multi **************
2024-05-14 15:26:28,173 - INFO - Epoch 1/10
2024-05-14 15:26:28,186 - INFO - Train Loss: 1.7743866184745172
2024-05-14 15:26:28,186 - INFO - Validation Loss: 0.9900126270393828
2024-05-14 15:26:28,187 - INFO - Validation F1-score: 0.7118271186602687
2024-05-14 15:27:49,503 - INFO - Epoch 2/10
2024-05-14 15:27:49,514 - INFO - Train Loss: 0.6418196238351591
2024-05-14 15:27:49,514 - INFO - Validation Loss: 0.4887433769320374
2024-05-14 15:27:49,514 - INFO - Validation F1-score: 0.8752656225931911
2024-05-14 15:29:10,463 - INFO - Epoch 3/10
2024-05-14 15:29:10,467 - INFO - Train Loss: 0.27749263193232543
2024-05-14 15:29:10,468 - INFO - Validation Loss: 0.6234773039929012
2024-05-14 15:29:10,468 - INFO - Validation F1-score: 0.8394283996467874
2024-05-14 15:30:31,553 - INFO - Epoch 4/10
2024-05-14 15:30:31,556 - INFO - Train Loss: 0.14549453787957178
2024-05-14 15:30:31,556 - INFO - Validation Loss: 0.4928554343754676
2024-05-14 15:30:31,556 - INFO - Validation F1-score: 0.8536611315978373
2024-05-14 15:31:53,174 - INFO - Epoch 5/10
2024-05-14 15:31:53,199 - INFO - Train Loss: 0.07315063097448361
2024-05-14 15:31:53,199 - INFO - Validation Loss: 0.44456573246297104
2024-05-14 15:31:53,199 - INFO - Validation F1-score: 0.8718217351954061
2024-05-14 15:33:14,353 - INFO - Epoch 6/10
2024-05-14 15:33:14,358 - INFO - Train Loss: 0.028580841203831663
2024-05-14 15:33:14,358 - INFO - Validation Loss: 0.4550537254258212
2024-05-14 15:33:14,358 - INFO - Validation F1-score: 0.8758343073943545
2024-05-14 15:34:35,491 - INFO - Epoch 7/10
2024-05-14 15:34:35,495 - INFO - Train Loss: 0.014666640300849321
2024-05-14 15:34:35,495 - INFO - Validation Loss: 0.45248736124555233
2024-05-14 15:34:35,495 - INFO - Validation F1-score: 0.8798312063934515
2024-05-14 15:35:56,566 - INFO - Epoch 8/10
2024-05-14 15:35:56,573 - INFO - Train Loss: 0.011214219743969163
2024-05-14 15:35:56,574 - INFO - Validation Loss: 0.4598347983121483
2024-05-14 15:35:56,574 - INFO - Validation F1-score: 0.8820186513213429
2024-05-14 15:37:17,713 - INFO - Epoch 9/10
2024-05-14 15:37:17,720 - INFO - Train Loss: 0.009031868725544725
2024-05-14 15:37:17,720 - INFO - Validation Loss: 0.46458059904137766
2024-05-14 15:37:17,720 - INFO - Validation F1-score: 0.8800569411835321
2024-05-14 15:37:17,720 - INFO - Early stopping as validation loss didn't improve for 4 consecutive epochs.
2024-05-14 15:37:17,963 - INFO - 

************** Fine-tuning allenai/scibert_scivocab_uncased: multi **************
2024-05-14 15:38:41,737 - INFO - Epoch 1/10
2024-05-14 15:38:41,741 - INFO - Train Loss: 1.657124724050965
2024-05-14 15:38:41,741 - INFO - Validation Loss: 0.9080480521739419
2024-05-14 15:38:41,741 - INFO - Validation F1-score: 0.6613845780633753
2024-05-14 15:40:03,181 - INFO - Epoch 2/10
2024-05-14 15:40:03,185 - INFO - Train Loss: 0.6199879871323856
2024-05-14 15:40:03,185 - INFO - Validation Loss: 0.5983498942162564
2024-05-14 15:40:03,185 - INFO - Validation F1-score: 0.8210399555745174
2024-05-14 15:41:24,882 - INFO - Epoch 3/10
2024-05-14 15:41:24,886 - INFO - Train Loss: 0.2865031102126596
2024-05-14 15:41:24,887 - INFO - Validation Loss: 0.475015066313877
2024-05-14 15:41:24,887 - INFO - Validation F1-score: 0.8634364007769735
2024-05-14 15:42:46,046 - INFO - Epoch 4/10
2024-05-14 15:42:46,050 - INFO - Train Loss: 0.10595633193963405
2024-05-14 15:42:46,050 - INFO - Validation Loss: 0.5580567478327386
2024-05-14 15:42:46,050 - INFO - Validation F1-score: 0.8491450206971992
2024-05-14 15:44:07,186 - INFO - Epoch 5/10
2024-05-14 15:44:07,189 - INFO - Train Loss: 0.05236048066537037
2024-05-14 15:44:07,189 - INFO - Validation Loss: 0.60102275482365
2024-05-14 15:44:07,189 - INFO - Validation F1-score: 0.8536652053769799
2024-05-14 15:45:28,331 - INFO - Epoch 6/10
2024-05-14 15:45:28,336 - INFO - Train Loss: 0.035071276238827845
2024-05-14 15:45:28,336 - INFO - Validation Loss: 0.55579335496191
2024-05-14 15:45:28,336 - INFO - Validation F1-score: 0.877066480409559
2024-05-14 15:46:49,566 - INFO - Epoch 7/10
2024-05-14 15:46:49,569 - INFO - Train Loss: 0.021154722510460727
2024-05-14 15:46:49,569 - INFO - Validation Loss: 0.5579048080366356
2024-05-14 15:46:49,569 - INFO - Validation F1-score: 0.8692961514021573
2024-05-14 15:46:49,569 - INFO - Early stopping as validation loss didn't improve for 4 consecutive epochs.
2024-05-14 15:46:49,794 - INFO - 

************** Fine-tuning dmis-lab/biobert-v1.1: multi **************
2024-05-14 15:48:14,208 - INFO - Epoch 1/10
2024-05-14 15:48:14,213 - INFO - Train Loss: 1.9735114667752776
2024-05-14 15:48:14,213 - INFO - Validation Loss: 0.8851726160787824
2024-05-14 15:48:14,213 - INFO - Validation F1-score: 0.7306224903710417
2024-05-14 15:49:35,915 - INFO - Epoch 2/10
2024-05-14 15:49:35,918 - INFO - Train Loss: 0.6626078678727753
2024-05-14 15:49:35,918 - INFO - Validation Loss: 0.4978859422645017
2024-05-14 15:49:35,919 - INFO - Validation F1-score: 0.8722592217793856
2024-05-14 15:50:57,134 - INFO - Epoch 3/10
2024-05-14 15:50:57,138 - INFO - Train Loss: 0.28011296237960004
2024-05-14 15:50:57,139 - INFO - Validation Loss: 0.5168105256257217
2024-05-14 15:50:57,139 - INFO - Validation F1-score: 0.8632959097209434
2024-05-14 15:52:18,432 - INFO - Epoch 4/10
2024-05-14 15:52:18,442 - INFO - Train Loss: 0.1357717252703327
2024-05-14 15:52:18,442 - INFO - Validation Loss: 0.5083651303855786
2024-05-14 15:52:18,442 - INFO - Validation F1-score: 0.8655293129723193
2024-05-14 15:53:39,783 - INFO - Epoch 5/10
2024-05-14 15:53:39,788 - INFO - Train Loss: 0.0632211358211182
2024-05-14 15:53:39,788 - INFO - Validation Loss: 0.5039245253498319
2024-05-14 15:53:39,788 - INFO - Validation F1-score: 0.874471377095021
2024-05-14 15:55:01,115 - INFO - Epoch 6/10
2024-05-14 15:55:01,118 - INFO - Train Loss: 0.023100858841166652
2024-05-14 15:55:01,118 - INFO - Validation Loss: 0.5480330064719015
2024-05-14 15:55:01,118 - INFO - Validation F1-score: 0.8708364642339528
2024-05-14 15:55:01,118 - INFO - Early stopping as validation loss didn't improve for 4 consecutive epochs.
2024-05-14 15:55:01,350 - INFO - 

************** Fine-tuning michiyasunaga/BioLinkBERT-base: multi **************
2024-05-14 15:56:25,462 - INFO - Epoch 1/10
2024-05-14 15:56:25,466 - INFO - Train Loss: 1.7253435026816648
2024-05-14 15:56:25,466 - INFO - Validation Loss: 0.9319290145119624
2024-05-14 15:56:25,466 - INFO - Validation F1-score: 0.7393734356820447
2024-05-14 15:57:46,889 - INFO - Epoch 2/10
2024-05-14 15:57:46,893 - INFO - Train Loss: 0.6517678642965327
2024-05-14 15:57:46,893 - INFO - Validation Loss: 0.597591340764245
2024-05-14 15:57:46,893 - INFO - Validation F1-score: 0.8425591621320945
2024-05-14 15:59:08,481 - INFO - Epoch 3/10
2024-05-14 15:59:08,484 - INFO - Train Loss: 0.3207787930438615
2024-05-14 15:59:08,484 - INFO - Validation Loss: 0.4713988082566813
2024-05-14 15:59:08,484 - INFO - Validation F1-score: 0.8642827457303505
2024-05-14 16:00:29,367 - INFO - Epoch 4/10
2024-05-14 16:00:29,429 - INFO - Train Loss: 0.17058789196678184
2024-05-14 16:00:29,430 - INFO - Validation Loss: 0.5191124827503714
2024-05-14 16:00:29,430 - INFO - Validation F1-score: 0.865048686541384
2024-05-14 16:01:50,470 - INFO - Epoch 5/10
2024-05-14 16:01:50,473 - INFO - Train Loss: 0.09517823162987227
2024-05-14 16:01:50,474 - INFO - Validation Loss: 0.5205991912855586
2024-05-14 16:01:50,474 - INFO - Validation F1-score: 0.8743975713411618
2024-05-14 16:03:11,478 - INFO - Epoch 6/10
2024-05-14 16:03:11,485 - INFO - Train Loss: 0.05356676149831125
2024-05-14 16:03:11,485 - INFO - Validation Loss: 0.5111613474341471
2024-05-14 16:03:11,485 - INFO - Validation F1-score: 0.8803934241089002
2024-05-14 16:04:32,388 - INFO - Epoch 7/10
2024-05-14 16:04:32,393 - INFO - Train Loss: 0.03253560939643795
2024-05-14 16:04:32,394 - INFO - Validation Loss: 0.4895001986800735
2024-05-14 16:04:32,394 - INFO - Validation F1-score: 0.8915373752824792
2024-05-14 16:04:32,394 - INFO - Early stopping as validation loss didn't improve for 4 consecutive epochs.
2024-05-14 16:04:32,585 - INFO - 

************** Fine-tuning emilyalsentzer/Bio_ClinicalBERT: multi **************
2024-05-14 16:05:57,200 - INFO - Epoch 1/10
2024-05-14 16:05:57,205 - INFO - Train Loss: 2.1093778649363855
2024-05-14 16:05:57,205 - INFO - Validation Loss: 1.216013239946828
2024-05-14 16:05:57,205 - INFO - Validation F1-score: 0.5762397178915939
2024-05-14 16:07:18,682 - INFO - Epoch 2/10
2024-05-14 16:07:18,686 - INFO - Train Loss: 0.9324276376553257
2024-05-14 16:07:18,686 - INFO - Validation Loss: 0.7512304046705588
2024-05-14 16:07:18,686 - INFO - Validation F1-score: 0.7765972657635406
2024-05-14 16:08:39,603 - INFO - Epoch 3/10
2024-05-14 16:08:39,607 - INFO - Train Loss: 0.4382778691560632
2024-05-14 16:08:39,607 - INFO - Validation Loss: 0.7553643405771078
2024-05-14 16:08:39,607 - INFO - Validation F1-score: 0.7948862177504982
2024-05-14 16:10:01,160 - INFO - Epoch 4/10
2024-05-14 16:10:01,165 - INFO - Train Loss: 0.23091594377212754
2024-05-14 16:10:01,165 - INFO - Validation Loss: 0.5492464860122818
2024-05-14 16:10:01,165 - INFO - Validation F1-score: 0.850211708677332
2024-05-14 16:11:22,187 - INFO - Epoch 5/10
2024-05-14 16:11:22,192 - INFO - Train Loss: 0.09952509869830777
2024-05-14 16:11:22,192 - INFO - Validation Loss: 0.7492843487564085
2024-05-14 16:11:22,192 - INFO - Validation F1-score: 0.8167676477347426
2024-05-14 16:12:43,320 - INFO - Epoch 6/10
2024-05-14 16:12:43,324 - INFO - Train Loss: 0.0483340011025318
2024-05-14 16:12:43,324 - INFO - Validation Loss: 0.6214703773078856
2024-05-14 16:12:43,324 - INFO - Validation F1-score: 0.8489249295308983
2024-05-14 16:14:04,366 - INFO - Epoch 7/10
2024-05-14 16:14:04,367 - INFO - Train Loss: 0.020372184419139017
2024-05-14 16:14:04,367 - INFO - Validation Loss: 0.6012357918844461
2024-05-14 16:14:04,367 - INFO - Validation F1-score: 0.8618237494117489
2024-05-14 16:15:25,321 - INFO - Epoch 8/10
2024-05-14 16:15:25,326 - INFO - Train Loss: 0.016080513217890956
2024-05-14 16:15:25,326 - INFO - Validation Loss: 0.613135723862797
2024-05-14 16:15:25,326 - INFO - Validation F1-score: 0.8738576482926254
2024-05-14 16:15:25,326 - INFO - Early stopping as validation loss didn't improve for 4 consecutive epochs.
