2024-04-23 20:42:24,333 - INFO - 

************** Fine-tuning bert-base-uncased multi **************
2024-04-23 20:42:49,200 - INFO - Epoch 1/10
2024-04-23 20:42:49,200 - INFO - Train Loss: 1.929389948412876
2024-04-23 20:42:49,200 - INFO - Validation Loss: 1.2975847017765045
2024-04-23 20:42:49,200 - INFO - Validation F1-score: 0.6102698668408358
2024-04-23 20:43:10,141 - INFO - Epoch 2/10
2024-04-23 20:43:10,152 - INFO - Train Loss: 0.9634872650940146
2024-04-23 20:43:10,152 - INFO - Validation Loss: 0.8065620470046997
2024-04-23 20:43:10,152 - INFO - Validation F1-score: 0.7141898431408262
2024-04-23 20:43:31,060 - INFO - Epoch 3/10
2024-04-23 20:43:31,060 - INFO - Train Loss: 0.4803794493661231
2024-04-23 20:43:31,061 - INFO - Validation Loss: 0.7964287874102592
2024-04-23 20:43:31,061 - INFO - Validation F1-score: 0.7367686126037246
2024-04-23 20:43:50,712 - INFO - Epoch 4/10
2024-04-23 20:43:50,712 - INFO - Train Loss: 0.2545208888965965
2024-04-23 20:43:50,712 - INFO - Validation Loss: 0.8306313138268888
2024-04-23 20:43:50,712 - INFO - Validation F1-score: 0.7522371328983124
2024-04-23 20:44:13,222 - INFO - Epoch 5/10
2024-04-23 20:44:13,222 - INFO - Train Loss: 0.1410155471339322
2024-04-23 20:44:13,222 - INFO - Validation Loss: 0.7931324656214565
2024-04-23 20:44:13,222 - INFO - Validation F1-score: 0.7845977878862667
2024-04-23 20:44:32,948 - INFO - Epoch 6/10
2024-04-23 20:44:32,948 - INFO - Train Loss: 0.07982647719936783
2024-04-23 20:44:32,948 - INFO - Validation Loss: 0.8088972696755081
2024-04-23 20:44:32,948 - INFO - Validation F1-score: 0.7946708847132997
2024-04-23 20:44:52,665 - INFO - Epoch 7/10
2024-04-23 20:44:52,666 - INFO - Train Loss: 0.046818589041597095
2024-04-23 20:44:52,666 - INFO - Validation Loss: 0.8477543482603506
2024-04-23 20:44:52,666 - INFO - Validation F1-score: 0.778276710552015
2024-04-23 20:45:12,394 - INFO - Epoch 8/10
2024-04-23 20:45:12,394 - INFO - Train Loss: 0.033738131802091564
2024-04-23 20:45:12,394 - INFO - Validation Loss: 0.8462278394121676
2024-04-23 20:45:12,394 - INFO - Validation F1-score: 0.7919831686615726
2024-04-23 20:45:32,108 - INFO - Epoch 9/10
2024-04-23 20:45:32,108 - INFO - Train Loss: 0.026391753245570117
2024-04-23 20:45:32,108 - INFO - Validation Loss: 0.8551756425388157
2024-04-23 20:45:32,108 - INFO - Validation F1-score: 0.7991323322942967
2024-04-23 20:45:32,108 - INFO - Early stopping as validation loss didn't improve for 4 consecutive epochs.
2024-04-23 20:48:59,617 - INFO - 

************** Fine-tuning bert-base-uncased multi **************
2024-04-23 20:49:24,149 - INFO - Epoch 1/10
2024-04-23 20:49:24,149 - INFO - Train Loss: 2.0399617028716426
2024-04-23 20:49:24,149 - INFO - Validation Loss: 1.3759184104204178
2024-04-23 20:49:24,149 - INFO - Validation F1-score: 0.5207607667378517
2024-04-23 20:49:45,133 - INFO - Epoch 2/10
2024-04-23 20:49:45,133 - INFO - Train Loss: 1.0399425291775057
2024-04-23 20:49:45,133 - INFO - Validation Loss: 0.9265654230117798
2024-04-23 20:49:45,133 - INFO - Validation F1-score: 0.6959263805836778
2024-04-23 20:50:06,139 - INFO - Epoch 3/10
2024-04-23 20:50:06,139 - INFO - Train Loss: 0.5604138160811974
2024-04-23 20:50:06,139 - INFO - Validation Loss: 0.8847494874149561
2024-04-23 20:50:06,139 - INFO - Validation F1-score: 0.7102378409627298
2024-04-23 20:50:27,057 - INFO - Epoch 4/10
2024-04-23 20:50:27,057 - INFO - Train Loss: 0.3378642623206513
2024-04-23 20:50:27,057 - INFO - Validation Loss: 0.7927645439468324
2024-04-23 20:50:27,057 - INFO - Validation F1-score: 0.7648261656374619
2024-04-23 20:50:47,988 - INFO - Epoch 5/10
2024-04-23 20:50:47,988 - INFO - Train Loss: 0.17231990545738063
2024-04-23 20:50:47,988 - INFO - Validation Loss: 0.7315796671435237
2024-04-23 20:50:47,988 - INFO - Validation F1-score: 0.7743671166621514
2024-04-23 20:51:07,671 - INFO - Epoch 6/10
2024-04-23 20:51:07,671 - INFO - Train Loss: 0.0906661565309303
2024-04-23 20:51:07,671 - INFO - Validation Loss: 0.8045572772994638
2024-04-23 20:51:07,671 - INFO - Validation F1-score: 0.7855870402769547
2024-04-23 20:51:27,357 - INFO - Epoch 7/10
2024-04-23 20:51:27,357 - INFO - Train Loss: 0.055358188064306375
2024-04-23 20:51:27,358 - INFO - Validation Loss: 0.7669197605270892
2024-04-23 20:51:27,358 - INFO - Validation F1-score: 0.7893087490534407
2024-04-23 20:51:47,049 - INFO - Epoch 8/10
2024-04-23 20:51:47,049 - INFO - Train Loss: 0.039223097224138526
2024-04-23 20:51:47,049 - INFO - Validation Loss: 0.7961438030004502
2024-04-23 20:51:47,049 - INFO - Validation F1-score: 0.777390362207592
2024-04-23 20:52:06,778 - INFO - Epoch 9/10
2024-04-23 20:52:06,778 - INFO - Train Loss: 0.03103810755673471
2024-04-23 20:52:06,778 - INFO - Validation Loss: 0.8054997479729354
2024-04-23 20:52:06,778 - INFO - Validation F1-score: 0.7831993011334939
2024-04-23 20:52:06,778 - INFO - Early stopping as validation loss didn't improve for 4 consecutive epochs.
2024-04-23 20:52:07,067 - INFO - 

************** Fine-tuning microsoft/BiomedNLP-PubMedBERT-base-uncased-abstract-fulltext multi **************
2024-04-23 20:52:30,796 - INFO - Epoch 1/10
2024-04-23 20:52:30,796 - INFO - Train Loss: 1.6372936261980326
2024-04-23 20:52:30,797 - INFO - Validation Loss: 0.9871886701136827
2024-04-23 20:52:30,797 - INFO - Validation F1-score: 0.6155222449412073
2024-04-23 20:52:51,896 - INFO - Epoch 2/10
2024-04-23 20:52:51,905 - INFO - Train Loss: 0.6968200448775451
2024-04-23 20:52:51,905 - INFO - Validation Loss: 0.5149871992319822
2024-04-23 20:52:51,905 - INFO - Validation F1-score: 0.8399875038712631
2024-04-23 20:53:11,620 - INFO - Epoch 3/10
2024-04-23 20:53:11,620 - INFO - Train Loss: 0.3069963661466269
2024-04-23 20:53:11,620 - INFO - Validation Loss: 0.6091781854815781
2024-04-23 20:53:11,620 - INFO - Validation F1-score: 0.8052591965188937
2024-04-23 20:53:31,350 - INFO - Epoch 4/10
2024-04-23 20:53:31,350 - INFO - Train Loss: 0.1658516332707149
2024-04-23 20:53:31,350 - INFO - Validation Loss: 0.5838453318551182
2024-04-23 20:53:31,350 - INFO - Validation F1-score: 0.8183484336499924
2024-04-23 20:53:51,061 - INFO - Epoch 5/10
2024-04-23 20:53:51,061 - INFO - Train Loss: 0.09423080181715472
2024-04-23 20:53:51,061 - INFO - Validation Loss: 0.5925931269302964
2024-04-23 20:53:51,061 - INFO - Validation F1-score: 0.8394563935895684
2024-04-23 20:54:10,797 - INFO - Epoch 6/10
2024-04-23 20:54:10,807 - INFO - Train Loss: 0.04969514551378736
2024-04-23 20:54:10,807 - INFO - Validation Loss: 0.6197873861715197
2024-04-23 20:54:10,807 - INFO - Validation F1-score: 0.8354150821963056
2024-04-23 20:54:10,807 - INFO - Early stopping as validation loss didn't improve for 4 consecutive epochs.
2024-04-23 20:54:11,070 - INFO - 

************** Fine-tuning microsoft/BiomedNLP-BiomedBERT-base-uncased-abstract multi **************
2024-04-23 20:54:34,543 - INFO - Epoch 1/10
2024-04-23 20:54:34,544 - INFO - Train Loss: 1.6048800359236315
2024-04-23 20:54:34,544 - INFO - Validation Loss: 0.8974627378582954
2024-04-23 20:54:34,544 - INFO - Validation F1-score: 0.6781363414543202
2024-04-23 20:54:55,651 - INFO - Epoch 2/10
2024-04-23 20:54:55,651 - INFO - Train Loss: 0.6956460109893108
2024-04-23 20:54:55,651 - INFO - Validation Loss: 0.7312255929410457
2024-04-23 20:54:55,651 - INFO - Validation F1-score: 0.7555725586403771
2024-04-23 20:55:16,789 - INFO - Epoch 3/10
2024-04-23 20:55:16,789 - INFO - Train Loss: 0.4071026034903206
2024-04-23 20:55:16,789 - INFO - Validation Loss: 0.6100168591365218
2024-04-23 20:55:16,789 - INFO - Validation F1-score: 0.8073454026832816
2024-04-23 20:55:37,826 - INFO - Epoch 4/10
2024-04-23 20:55:37,826 - INFO - Train Loss: 0.16616601541938397
2024-04-23 20:55:37,826 - INFO - Validation Loss: 0.558924373453483
2024-04-23 20:55:37,826 - INFO - Validation F1-score: 0.8449774227746034
2024-04-23 20:55:57,583 - INFO - Epoch 5/10
2024-04-23 20:55:57,583 - INFO - Train Loss: 0.06606235917057567
2024-04-23 20:55:57,583 - INFO - Validation Loss: 0.597828026120551
2024-04-23 20:55:57,583 - INFO - Validation F1-score: 0.8430229952438072
2024-04-23 20:56:17,336 - INFO - Epoch 6/10
2024-04-23 20:56:17,336 - INFO - Train Loss: 0.04125316624198384
2024-04-23 20:56:17,336 - INFO - Validation Loss: 0.6232881360175088
2024-04-23 20:56:17,336 - INFO - Validation F1-score: 0.8477342649054761
2024-04-23 20:56:37,106 - INFO - Epoch 7/10
2024-04-23 20:56:37,106 - INFO - Train Loss: 0.025664219992147796
2024-04-23 20:56:37,106 - INFO - Validation Loss: 0.6157280208542943
2024-04-23 20:56:37,106 - INFO - Validation F1-score: 0.8499231199002992
2024-04-23 20:56:56,891 - INFO - Epoch 8/10
2024-04-23 20:56:56,891 - INFO - Train Loss: 0.01623131774815937
2024-04-23 20:56:56,891 - INFO - Validation Loss: 0.633705562222749
2024-04-23 20:56:56,891 - INFO - Validation F1-score: 0.8499267661493594
2024-04-23 20:56:56,891 - INFO - Early stopping as validation loss didn't improve for 4 consecutive epochs.
2024-04-23 20:56:57,178 - INFO - 

************** Fine-tuning allenai/scibert_scivocab_uncased multi **************
2024-04-23 20:57:21,067 - INFO - Epoch 1/10
2024-04-23 20:57:21,067 - INFO - Train Loss: 1.633171221753895
2024-04-23 20:57:21,067 - INFO - Validation Loss: 1.1059557265043258
2024-04-23 20:57:21,067 - INFO - Validation F1-score: 0.5888925349796125
2024-04-23 20:57:42,126 - INFO - Epoch 2/10
2024-04-23 20:57:42,127 - INFO - Train Loss: 0.7469348839465404
2024-04-23 20:57:42,127 - INFO - Validation Loss: 0.6265106681361794
2024-04-23 20:57:42,127 - INFO - Validation F1-score: 0.795868710490535
2024-04-23 20:58:01,923 - INFO - Epoch 3/10
2024-04-23 20:58:01,923 - INFO - Train Loss: 0.36869676092377046
2024-04-23 20:58:01,923 - INFO - Validation Loss: 0.6846996057033539
2024-04-23 20:58:01,923 - INFO - Validation F1-score: 0.7804713783785694
2024-04-23 20:58:21,706 - INFO - Epoch 4/10
2024-04-23 20:58:21,706 - INFO - Train Loss: 0.19252363814903586
2024-04-23 20:58:21,706 - INFO - Validation Loss: 0.7737880983762443
2024-04-23 20:58:21,706 - INFO - Validation F1-score: 0.7667687954582907
2024-04-23 20:58:41,493 - INFO - Epoch 5/10
2024-04-23 20:58:41,494 - INFO - Train Loss: 0.08324865248341788
2024-04-23 20:58:41,494 - INFO - Validation Loss: 0.6460734321409837
2024-04-23 20:58:41,494 - INFO - Validation F1-score: 0.8425148716261147
2024-04-23 20:59:02,520 - INFO - Epoch 6/10
2024-04-23 20:59:02,520 - INFO - Train Loss: 0.03454418180372891
2024-04-23 20:59:02,520 - INFO - Validation Loss: 0.6225530113419517
2024-04-23 20:59:02,520 - INFO - Validation F1-score: 0.830716501163158
2024-04-23 20:59:22,310 - INFO - Epoch 7/10
2024-04-23 20:59:22,310 - INFO - Train Loss: 0.01859896601140249
2024-04-23 20:59:22,310 - INFO - Validation Loss: 0.6497160696494393
2024-04-23 20:59:22,310 - INFO - Validation F1-score: 0.8435312933893886
2024-04-23 20:59:42,062 - INFO - Epoch 8/10
2024-04-23 20:59:42,063 - INFO - Train Loss: 0.012960111255126212
2024-04-23 20:59:42,063 - INFO - Validation Loss: 0.6633382092160173
2024-04-23 20:59:42,063 - INFO - Validation F1-score: 0.8433983693888615
2024-04-23 21:00:01,854 - INFO - Epoch 9/10
2024-04-23 21:00:01,854 - INFO - Train Loss: 0.011284209015910457
2024-04-23 21:00:01,854 - INFO - Validation Loss: 0.6716338589205406
2024-04-23 21:00:01,854 - INFO - Validation F1-score: 0.8433983693888615
2024-04-23 21:00:21,641 - INFO - Epoch 10/10
2024-04-23 21:00:21,641 - INFO - Train Loss: 0.010268855360242845
2024-04-23 21:00:21,641 - INFO - Validation Loss: 0.6761613357882016
2024-04-23 21:00:21,641 - INFO - Validation F1-score: 0.8436163506028465
2024-04-23 21:00:21,641 - INFO - Early stopping as validation loss didn't improve for 4 consecutive epochs.
2024-04-23 21:00:21,911 - INFO - 

************** Fine-tuning dmis-lab/biobert-v1.1 multi **************
2024-04-23 21:00:45,348 - INFO - Epoch 1/10
2024-04-23 21:00:45,348 - INFO - Train Loss: 1.8826696614691074
2024-04-23 21:00:45,348 - INFO - Validation Loss: 1.0040939766168595
2024-04-23 21:00:45,348 - INFO - Validation F1-score: 0.6505704091897694
2024-04-23 21:01:06,340 - INFO - Epoch 2/10
2024-04-23 21:01:06,349 - INFO - Train Loss: 0.6864421514156681
2024-04-23 21:01:06,349 - INFO - Validation Loss: 0.6552418430894613
2024-04-23 21:01:06,349 - INFO - Validation F1-score: 0.8078847236573311
2024-04-23 21:01:27,309 - INFO - Epoch 3/10
2024-04-23 21:01:27,309 - INFO - Train Loss: 0.3102846051622557
2024-04-23 21:01:27,309 - INFO - Validation Loss: 0.5655905938893556
2024-04-23 21:01:27,310 - INFO - Validation F1-score: 0.8308191577433276
2024-04-23 21:01:47,083 - INFO - Epoch 4/10
2024-04-23 21:01:47,084 - INFO - Train Loss: 0.1618135765619926
2024-04-23 21:01:47,084 - INFO - Validation Loss: 0.5938807648699731
2024-04-23 21:01:47,084 - INFO - Validation F1-score: 0.8140572596058213
2024-04-23 21:02:06,844 - INFO - Epoch 5/10
2024-04-23 21:02:06,845 - INFO - Train Loss: 0.06673837169979843
2024-04-23 21:02:06,845 - INFO - Validation Loss: 0.612518407125026
2024-04-23 21:02:06,845 - INFO - Validation F1-score: 0.842270631271104
2024-04-23 21:02:26,613 - INFO - Epoch 6/10
2024-04-23 21:02:26,613 - INFO - Train Loss: 0.03589086859305733
2024-04-23 21:02:26,613 - INFO - Validation Loss: 0.6992655016621575
2024-04-23 21:02:26,613 - INFO - Validation F1-score: 0.8362011465714357
2024-04-23 21:02:46,389 - INFO - Epoch 7/10
2024-04-23 21:02:46,389 - INFO - Train Loss: 0.030409671888130423
2024-04-23 21:02:46,389 - INFO - Validation Loss: 0.7225869327224791
2024-04-23 21:02:46,389 - INFO - Validation F1-score: 0.8404174625171577
2024-04-23 21:02:46,389 - INFO - Early stopping as validation loss didn't improve for 4 consecutive epochs.
