2024-06-19 22:06:37,774 - INFO - 

************** Fine-tuning bert-base-uncased: binary **************
2024-06-19 22:07:09,831 - INFO - Epoch 1/10
2024-06-19 22:07:09,832 - INFO - Train Loss: 0.2778528453405909
2024-06-19 22:07:09,832 - INFO - Validation Loss: 0.08800007617309578
2024-06-19 22:07:09,832 - INFO - Validation F1-score: 0.9723577576277932
2024-06-19 22:07:37,706 - INFO - Epoch 2/10
2024-06-19 22:07:37,706 - INFO - Train Loss: 0.09117657375037481
2024-06-19 22:07:37,706 - INFO - Validation Loss: 0.08534142250236847
2024-06-19 22:07:37,706 - INFO - Validation F1-score: 0.9675144742726602
2024-06-19 22:08:05,034 - INFO - Epoch 3/10
2024-06-19 22:08:05,034 - INFO - Train Loss: 0.0655535815821342
2024-06-19 22:08:05,034 - INFO - Validation Loss: 0.11848982072473545
2024-06-19 22:08:05,034 - INFO - Validation F1-score: 0.969811320754717
2024-06-19 22:08:32,570 - INFO - Epoch 4/10
2024-06-19 22:08:32,574 - INFO - Train Loss: 0.20745426398596722
2024-06-19 22:08:32,574 - INFO - Validation Loss: 0.08675453830301873
2024-06-19 22:08:32,575 - INFO - Validation F1-score: 0.9656468150303172
2024-06-19 22:09:00,053 - INFO - Epoch 5/10
2024-06-19 22:09:00,053 - INFO - Train Loss: 0.04744992120605376
2024-06-19 22:09:00,053 - INFO - Validation Loss: 0.12584008015657483
2024-06-19 22:09:00,053 - INFO - Validation F1-score: 0.9712874772017023
2024-06-19 22:09:27,603 - INFO - Epoch 6/10
2024-06-19 22:09:27,604 - INFO - Train Loss: 0.03263718451636684
2024-06-19 22:09:27,604 - INFO - Validation Loss: 0.12630997474371358
2024-06-19 22:09:27,604 - INFO - Validation F1-score: 0.9712874772017023
2024-06-19 22:09:27,604 - INFO - Early stopping as validation loss didn't improve for 4 consecutive epochs.
2024-06-19 22:09:27,877 - INFO - 

************** Fine-tuning microsoft/BiomedNLP-PubMedBERT-base-uncased-abstract-fulltext: binary **************
2024-06-19 22:09:59,482 - INFO - Epoch 1/10
2024-06-19 22:09:59,482 - INFO - Train Loss: 0.21728117209671047
2024-06-19 22:09:59,482 - INFO - Validation Loss: 0.1446414207865887
2024-06-19 22:09:59,482 - INFO - Validation F1-score: 0.9597671551414705
2024-06-19 22:10:27,438 - INFO - Epoch 2/10
2024-06-19 22:10:27,438 - INFO - Train Loss: 0.06523161089092475
2024-06-19 22:10:27,438 - INFO - Validation Loss: 0.07109047952472969
2024-06-19 22:10:27,438 - INFO - Validation F1-score: 0.9756716066635097
2024-06-19 22:10:55,504 - INFO - Epoch 3/10
2024-06-19 22:10:55,504 - INFO - Train Loss: 0.03528730759533555
2024-06-19 22:10:55,504 - INFO - Validation Loss: 0.06756696781689134
2024-06-19 22:10:55,504 - INFO - Validation F1-score: 0.9774825122818684
2024-06-19 22:11:23,094 - INFO - Epoch 4/10
2024-06-19 22:11:23,095 - INFO - Train Loss: 0.018271009785515924
2024-06-19 22:11:23,095 - INFO - Validation Loss: 0.10300928505342592
2024-06-19 22:11:23,095 - INFO - Validation F1-score: 0.9712874772017023
2024-06-19 22:11:50,457 - INFO - Epoch 5/10
2024-06-19 22:11:50,457 - INFO - Train Loss: 0.008933728202593024
2024-06-19 22:11:50,457 - INFO - Validation Loss: 0.1288892914277828
2024-06-19 22:11:50,457 - INFO - Validation F1-score: 0.9816168763102726
2024-06-19 22:12:17,927 - INFO - Epoch 6/10
2024-06-19 22:12:17,927 - INFO - Train Loss: 0.004906108815427588
2024-06-19 22:12:17,927 - INFO - Validation Loss: 0.10167254311286274
2024-06-19 22:12:17,927 - INFO - Validation F1-score: 0.9816168763102726
2024-06-19 22:12:45,383 - INFO - Epoch 7/10
2024-06-19 22:12:45,383 - INFO - Train Loss: 0.0006473939676946641
2024-06-19 22:12:45,383 - INFO - Validation Loss: 0.09872437217900505
2024-06-19 22:12:45,383 - INFO - Validation F1-score: 0.9833316098523489
2024-06-19 22:12:45,383 - INFO - Early stopping as validation loss didn't improve for 4 consecutive epochs.
2024-06-19 22:12:45,601 - INFO - 

************** Fine-tuning microsoft/BiomedNLP-BiomedBERT-base-uncased-abstract: binary **************
2024-06-19 22:13:17,589 - INFO - Epoch 1/10
2024-06-19 22:13:17,589 - INFO - Train Loss: 0.22924219120547853
2024-06-19 22:13:17,589 - INFO - Validation Loss: 0.08380198193394314
2024-06-19 22:13:17,589 - INFO - Validation F1-score: 0.9688972225477558
2024-06-19 22:13:45,099 - INFO - Epoch 2/10
2024-06-19 22:13:45,099 - INFO - Train Loss: 0.053983676477777534
2024-06-19 22:13:45,099 - INFO - Validation Loss: 0.09403722851672697
2024-06-19 22:13:45,099 - INFO - Validation F1-score: 0.9745060112747355
2024-06-19 22:14:13,282 - INFO - Epoch 3/10
2024-06-19 22:14:13,282 - INFO - Train Loss: 0.0321100465968049
2024-06-19 22:14:13,282 - INFO - Validation Loss: 0.05252591462904907
2024-06-19 22:14:13,282 - INFO - Validation F1-score: 0.9849883415212456
2024-06-19 22:14:40,857 - INFO - Epoch 4/10
2024-06-19 22:14:40,857 - INFO - Train Loss: 0.019654769409563146
2024-06-19 22:14:40,857 - INFO - Validation Loss: 0.08901622088833663
2024-06-19 22:14:40,857 - INFO - Validation F1-score: 0.9815260729414295
2024-06-19 22:15:08,581 - INFO - Epoch 5/10
2024-06-19 22:15:08,581 - INFO - Train Loss: 0.009611448820302912
2024-06-19 22:15:08,581 - INFO - Validation Loss: 0.09524301615688749
2024-06-19 22:15:08,581 - INFO - Validation F1-score: 0.9777187664564523
2024-06-19 22:15:36,586 - INFO - Epoch 6/10
2024-06-19 22:15:36,586 - INFO - Train Loss: 0.001348942368525913
2024-06-19 22:15:36,586 - INFO - Validation Loss: 0.12355756120977371
2024-06-19 22:15:36,586 - INFO - Validation F1-score: 0.97952270304624
2024-06-19 22:16:04,529 - INFO - Epoch 7/10
2024-06-19 22:16:04,529 - INFO - Train Loss: 0.00027361679343757163
2024-06-19 22:16:04,529 - INFO - Validation Loss: 0.13074278333198294
2024-06-19 22:16:04,529 - INFO - Validation F1-score: 0.9814323053803768
2024-06-19 22:16:04,529 - INFO - Early stopping as validation loss didn't improve for 4 consecutive epochs.
2024-06-19 22:16:04,746 - INFO - 

************** Fine-tuning allenai/scibert_scivocab_uncased: binary **************
2024-06-19 22:16:37,908 - INFO - Epoch 1/10
2024-06-19 22:16:37,908 - INFO - Train Loss: 0.19969784792964207
2024-06-19 22:16:37,908 - INFO - Validation Loss: 0.06602949486287839
2024-06-19 22:16:37,908 - INFO - Validation F1-score: 0.9774825122818684
2024-06-19 22:17:06,399 - INFO - Epoch 2/10
2024-06-19 22:17:06,400 - INFO - Train Loss: 0.08412490164034417
2024-06-19 22:17:06,400 - INFO - Validation Loss: 0.06271834512164733
2024-06-19 22:17:06,400 - INFO - Validation F1-score: 0.9778312875297152
2024-06-19 22:17:34,263 - INFO - Epoch 3/10
2024-06-19 22:17:34,267 - INFO - Train Loss: 0.02957645205562144
2024-06-19 22:17:34,267 - INFO - Validation Loss: 0.07165000316428034
2024-06-19 22:17:34,267 - INFO - Validation F1-score: 0.9776025548860736
2024-06-19 22:18:01,742 - INFO - Epoch 4/10
2024-06-19 22:18:01,742 - INFO - Train Loss: 0.023935769488602862
2024-06-19 22:18:01,742 - INFO - Validation Loss: 0.09790102311487331
2024-06-19 22:18:01,742 - INFO - Validation F1-score: 0.9755394257406497
2024-06-19 22:18:29,284 - INFO - Epoch 5/10
2024-06-19 22:18:29,284 - INFO - Train Loss: 0.00428293810564539
2024-06-19 22:18:29,284 - INFO - Validation Loss: 0.16095198922462192
2024-06-19 22:18:29,285 - INFO - Validation F1-score: 0.9654414188020104
2024-06-19 22:18:57,114 - INFO - Epoch 6/10
2024-06-19 22:18:57,114 - INFO - Train Loss: 0.009838969040110253
2024-06-19 22:18:57,114 - INFO - Validation Loss: 0.10099838879174439
2024-06-19 22:18:57,114 - INFO - Validation F1-score: 0.9760433899440873
2024-06-19 22:18:57,114 - INFO - Early stopping as validation loss didn't improve for 4 consecutive epochs.
2024-06-19 22:18:57,333 - INFO - 

************** Fine-tuning dmis-lab/biobert-v1.1: binary **************
2024-06-19 22:19:29,515 - INFO - Epoch 1/10
2024-06-19 22:19:29,515 - INFO - Train Loss: 0.2338712777068716
2024-06-19 22:19:29,515 - INFO - Validation Loss: 0.07765611989507035
2024-06-19 22:19:29,515 - INFO - Validation F1-score: 0.9832458479469238
2024-06-19 22:19:57,568 - INFO - Epoch 2/10
2024-06-19 22:19:57,568 - INFO - Train Loss: 0.06105539841974869
2024-06-19 22:19:57,569 - INFO - Validation Loss: 0.04845085912757664
2024-06-19 22:19:57,569 - INFO - Validation F1-score: 0.9829712043103809
2024-06-19 22:20:24,943 - INFO - Epoch 3/10
2024-06-19 22:20:24,943 - INFO - Train Loss: 0.02761172719637574
2024-06-19 22:20:24,943 - INFO - Validation Loss: 0.06030920226693348
2024-06-19 22:20:24,943 - INFO - Validation F1-score: 0.9813354624050613
2024-06-19 22:20:52,737 - INFO - Epoch 4/10
2024-06-19 22:20:52,737 - INFO - Train Loss: 0.015894055024987072
2024-06-19 22:20:52,737 - INFO - Validation Loss: 0.09742446593356444
2024-06-19 22:20:52,738 - INFO - Validation F1-score: 0.9834146545766758
2024-06-19 22:21:20,627 - INFO - Epoch 5/10
2024-06-19 22:21:20,627 - INFO - Train Loss: 0.015782089807158405
2024-06-19 22:21:20,627 - INFO - Validation Loss: 0.09918819071135115
2024-06-19 22:21:20,627 - INFO - Validation F1-score: 0.9796275231528709
2024-06-19 22:21:48,477 - INFO - Epoch 6/10
2024-06-19 22:21:48,477 - INFO - Train Loss: 0.006609909842393451
2024-06-19 22:21:48,477 - INFO - Validation Loss: 0.09857822771300562
2024-06-19 22:21:48,477 - INFO - Validation F1-score: 0.9797290222603816
2024-06-19 22:21:48,477 - INFO - Early stopping as validation loss didn't improve for 4 consecutive epochs.
2024-06-19 22:21:48,681 - INFO - 

************** Fine-tuning michiyasunaga/BioLinkBERT-base: binary **************
2024-06-19 22:22:20,326 - INFO - Epoch 1/10
2024-06-19 22:22:20,326 - INFO - Train Loss: 0.2017108482694385
2024-06-19 22:22:20,326 - INFO - Validation Loss: 0.05485825160337584
2024-06-19 22:22:20,326 - INFO - Validation F1-score: 0.9776025548860736
2024-06-19 22:22:48,216 - INFO - Epoch 2/10
2024-06-19 22:22:48,216 - INFO - Train Loss: 0.04182812112214213
2024-06-19 22:22:48,216 - INFO - Validation Loss: 0.05546320590830005
2024-06-19 22:22:48,216 - INFO - Validation F1-score: 0.981235426901557
2024-06-19 22:23:16,763 - INFO - Epoch 3/10
2024-06-19 22:23:16,763 - INFO - Train Loss: 0.019572398597974272
2024-06-19 22:23:16,764 - INFO - Validation Loss: 0.05102643344391471
2024-06-19 22:23:16,764 - INFO - Validation F1-score: 0.9849883415212456
2024-06-19 22:23:44,885 - INFO - Epoch 4/10
2024-06-19 22:23:44,885 - INFO - Train Loss: 0.014893250683948134
2024-06-19 22:23:44,885 - INFO - Validation Loss: 0.1109428574937507
2024-06-19 22:23:44,886 - INFO - Validation F1-score: 0.9774825122818684
2024-06-19 22:24:12,882 - INFO - Epoch 5/10
2024-06-19 22:24:12,882 - INFO - Train Loss: 0.0135423275105587
2024-06-19 22:24:12,882 - INFO - Validation Loss: 0.07653967589257223
2024-06-19 22:24:12,882 - INFO - Validation F1-score: 0.9833316098523489
2024-06-19 22:24:40,874 - INFO - Epoch 6/10
2024-06-19 22:24:40,874 - INFO - Train Loss: 0.0006522528456484034
2024-06-19 22:24:40,874 - INFO - Validation Loss: 0.09070389330692923
2024-06-19 22:24:40,874 - INFO - Validation F1-score: 0.9851458443043015
2024-06-19 22:25:08,793 - INFO - Epoch 7/10
2024-06-19 22:25:08,794 - INFO - Train Loss: 0.00043455825145814964
2024-06-19 22:25:08,794 - INFO - Validation Loss: 0.08845453225132668
2024-06-19 22:25:08,794 - INFO - Validation F1-score: 0.9831572661516605
2024-06-19 22:25:08,794 - INFO - Early stopping as validation loss didn't improve for 4 consecutive epochs.
2024-06-19 22:25:09,020 - INFO - 

************** Fine-tuning emilyalsentzer/Bio_ClinicalBERT: binary **************
2024-06-19 22:25:41,594 - INFO - Epoch 1/10
2024-06-19 22:25:41,594 - INFO - Train Loss: 0.33895303904798557
2024-06-19 22:25:41,594 - INFO - Validation Loss: 0.10445286505925122
2024-06-19 22:25:41,594 - INFO - Validation F1-score: 0.9681859471753586
2024-06-19 22:26:10,224 - INFO - Epoch 2/10
2024-06-19 22:26:10,224 - INFO - Train Loss: 0.18271002576026754
2024-06-19 22:26:10,224 - INFO - Validation Loss: 0.090408625637195
2024-06-19 22:26:10,224 - INFO - Validation F1-score: 0.9720764132448728
2024-06-19 22:26:38,147 - INFO - Epoch 3/10
2024-06-19 22:26:38,147 - INFO - Train Loss: 0.112463666649413
2024-06-19 22:26:38,147 - INFO - Validation Loss: 0.13684084371371724
2024-06-19 22:26:38,147 - INFO - Validation F1-score: 0.9620505560177856
2024-06-19 22:27:06,038 - INFO - Epoch 4/10
2024-06-19 22:27:06,038 - INFO - Train Loss: 0.10661295734256544
2024-06-19 22:27:06,038 - INFO - Validation Loss: 0.13601916111004886
2024-06-19 22:27:06,038 - INFO - Validation F1-score: 0.9681859471753586
2024-06-19 22:27:33,896 - INFO - Epoch 5/10
2024-06-19 22:27:33,896 - INFO - Train Loss: 0.06455811657213766
2024-06-19 22:27:33,896 - INFO - Validation Loss: 0.11365386730219836
2024-06-19 22:27:33,896 - INFO - Validation F1-score: 0.9598024680823832
2024-06-19 22:28:01,754 - INFO - Epoch 6/10
2024-06-19 22:28:01,754 - INFO - Train Loss: 0.06464346121900216
2024-06-19 22:28:01,754 - INFO - Validation Loss: 0.11752933001062318
2024-06-19 22:28:01,754 - INFO - Validation F1-score: 0.9644431174312832
2024-06-19 22:28:01,755 - INFO - Early stopping as validation loss didn't improve for 4 consecutive epochs.
